[22-14-44] Logging Init
[22-14-44] Starting Config Controller
[22-14-44] Config Provider started
[22-14-44] Looking for config files at /Config
[22-14-45] Found PickBan.json. Reading values
[22-14-45] {
  "frontend": {
    "scoreEnabled": true,
    "spellsEnabled": true,
    "coachesEnabled": false,
    "blueTeam": {
      "name": "AOE Randoms",
      "nameTag": "BIG CHONKS",
      "score": 0,
      "coach": "G2 Grabz",
      "color": "rgb(66,133,244)"
    },
    "redTeam": {
      "name": "LOTUS",
      "nameTag": "LOTUS",
      "score": 0,
      "coach": "G2 Grabz",
      "color": "rgb(234,67,53)"
    },
    "patch": "11.16.1"
  },
  "FileVersion": "1.0"
}
[22-14-45] Config PickBan loaded
[22-14-45] Found Ingame.json. Reading values
[22-14-45] {
  "Inhib": {
    "Position": {
      "X": 0.0,
      "Y": 845.0
    },
    "Size": {
      "X": 306.0,
      "Y": 118.0
    },
    "UseBackgroundImage": true,
    "UseBackgroundVideo": false,
    "Color": "rgba(19,24,63,255)",
    "Font": {
      "Style": "Normal",
      "Name": "News Cycle",
      "Size": "15px",
      "Align": "right",
      "Color": "rgb(255,255,255)"
    },
    "IconSize": 40.0,
    "HideWhenNoneDestroyed": true,
    "UseTeamColors": true,
    "BlueTeam": {
      "Position": {
        "X": 40.0,
        "Y": 20.0
      },
      "LaneOffset": {
        "X": 100.0,
        "Y": 0.0
      },
      "UseTeamColor": true,
      "Color": "rgb(0,0,0)",
      "IconOffset": {
        "X": 10.0,
        "Y": -24.0
      }
    },
    "RedTeam": {
      "Position": {
        "X": 40.0,
        "Y": 80.0
      },
      "LaneOffset": {
        "X": 100.0,
        "Y": 0.0
      },
      "UseTeamColor": true,
      "Color": "rgb(255,255,255)",
      "IconOffset": {
        "X": 10.0,
        "Y": -24.0
      }
    },
    "LaneOrder": [
      "bot",
      "mid",
      "top"
    ]
  },
  "Score": {
    "Position": {
      "X": 960.0,
      "Y": 0.0
    },
    "Size": {
      "X": 770.0,
      "Y": 92.0
    },
    "TimeFont": {
      "Style": "Bold",
      "Name": "Myriad Pro",
      "Size": "44px",
      "Align": "center",
      "Color": "rgb(255,255,255)"
    },
    "TimePosition": {
      "X": 520.5,
      "Y": 56.0
    },
    "BlueTeam": {
      "Kills": {
        "Position": {
          "X": -85.0,
          "Y": 24.0
        },
        "Font": {
          "Style": "Bold",
          "Name": "Myriad Pro",
          "Size": "60px",
          "Align": "center",
          "Color": "rgb(255,255,255)"
        },
        "Icon": {
          "Name": "KillsIcon",
          "Size": {
            "X": 100.0,
            "Y": 100.0
          },
          "Offset": {
            "X": -2000.0,
            "Y": 0.0
          }
        }
      },
      "Towers": {
        "Position": {
          "X": -290.0,
          "Y": 61.5
        },
        "Font": {
          "Style": "Bold",
          "Name": "Myriad Pro",
          "Size": "16px",
          "Align": "center",
          "Color": "rgb(255,255,255)"
        },
        "Icon": {
          "Name": "TowerIcon",
          "Size": {
            "X": 25.0,
            "Y": 30.0
          },
          "Offset": {
            "X": -3000.0,
            "Y": 13.0
          }
        }
      },
      "Gold": {
        "Position": {
          "X": -366.0,
          "Y": 61.5
        },
        "Font": {
          "Style": "Bold",
          "Name": "Myriad Pro",
          "Size": "16px",
          "Align": "center",
          "Color": "rgb(255,255,255)"
        },
        "Icon": {
          "Name": "GoldIcon",
          "Size": {
            "X": 40.0,
            "Y": 30.0
          },
          "Offset": {
            "X": -3500.0,
            "Y": 10.0
          }
        }
      },
      "Drakes": {
        "Position": {
          "X": -55.0,
          "Y": 71.0
        },
        "Offset": {
          "X": -12.0,
          "Y": 0.0
        }
      },
      "Name": {
        "UseTag": false,
        "Position": {
          "X": -172.0,
          "Y": 32.0
        },
        "AdaptiveFontSize": false,
        "MaxSize": {
          "X": 600.0,
          "Y": 600.0
        },
        "Font": {
          "Style": "Bold",
          "Name": "Myriad Pro",
          "Size": "28px",
          "Align": "right",
          "Color": "rgb(255,255,255)"
        }
      },
      "Icon": {
        "Position": {
          "X": -21.0,
          "Y": 30.0
        },
        "Size": {
          "X": 60.0,
          "Y": 60.0
        },
        "UseBackground": true,
        "BackgroundOffset": {
          "X": -10.0,
          "Y": 0.0
        }
      },
      "Score": {
        "Position": {
          "X": -380.0,
          "Y": 70.0
        },
        "NumberFont": {
          "Style": "Normal",
          "Name": "News Cycle",
          "Size": "15px",
          "Align": "right",
          "Color": "rgb(255,255,255)"
        },
        "UseCircleIcons": false,
        "CircleOffset": {
          "X": 25.0,
          "Y": 0.0
        },
        "CircleRadius": 10.0,
        "UseTeamColor": false,
        "StrokeColor": "rgb(255,255,255)",
        "FillColor": "rgb(255,255,255)"
      }
    },
    "RedTeam": {
      "Kills": {
        "Position": {
          "X": 375.0,
          "Y": 24.0
        },
        "Font": {
          "Style": "Bold",
          "Name": "Myriad Pro",
          "Size": "60px",
          "Align": "center",
          "Color": "rgb(255,255,255)"
        },
        "Icon": {
          "Name": "KillsIcon",
          "Size": {
            "X": 100.0,
            "Y": 100.0
          },
          "Offset": {
            "X": 0.0,
            "Y": 0.0
          }
        }
      },
      "Towers": {
        "Position": {
          "X": 190.0,
          "Y": 61.5
        },
        "Font": {
          "Style": "Bold",
          "Name": "Myriad Pro",
          "Size": "16px",
          "Align": "center",
          "Color": "rgb(255,255,255)"
        },
        "Icon": {
          "Name": "TowerIcon",
          "Size": {
            "X": -25.0,
            "Y": 30.0
          },
          "Offset": {
            "X": -1005.0,
            "Y": 13.0
          }
        }
      },
      "Gold": {
        "Position": {
          "X": 94.0,
          "Y": 61.5
        },
        "Font": {
          "Style": "Bold",
          "Name": "Myriad Pro",
          "Size": "16px",
          "Align": "center",
          "Color": "rgb(255,255,255)"
        },
        "Icon": {
          "Name": "GoldIcon",
          "Size": {
            "X": 40.0,
            "Y": 30.0
          },
          "Offset": {
            "X": -3500.0,
            "Y": 10.0
          }
        }
      },
      "Drakes": {
        "Position": {
          "X": 50.0,
          "Y": 71.0
        },
        "Offset": {
          "X": 12.0,
          "Y": 0.0
        }
      },
      "Name": {
        "UseTag": false,
        "Position": {
          "X": 390.0,
          "Y": 6.0
        },
        "AdaptiveFontSize": false,
        "MaxSize": {
          "X": 100.0,
          "Y": 50.0
        },
        "Font": {
          "Style": "Bold",
          "Name": "Myriad Pro",
          "Size": "28px",
          "Align": "right",
          "Color": "rgb(255,255,255)"
        }
      },
      "Icon": {
        "Position": {
          "X": 430.0,
          "Y": 30.0
        },
        "Size": {
          "X": 60.0,
          "Y": 60.0
        },
        "UseBackground": false,
        "BackgroundOffset": {
          "X": 10.0,
          "Y": 0.0
        }
      },
      "Score": {
        "Position": {
          "X": 380.0,
          "Y": 70.0
        },
        "NumberFont": {
          "Style": "Normal",
          "Name": "News Cycle",
          "Size": "15px",
          "Align": "left",
          "Color": "rgb(255,255,255)"
        },
        "UseCircleIcons": true,
        "CircleOffset": {
          "X": -25.0,
          "Y": 0.0
        },
        "CircleRadius": 10.0,
        "UseTeamColor": true,
        "StrokeColor": "rgb(255,255,255)",
        "FillColor": "rgb(255,255,255)"
      }
    },
    "Background": {
      "UseImage": true,
      "UseVideo": false,
      "UseAlpha": true,
      "FallbackColor": "rgba(0,0,0,0)"
    },
    "Misc": {
      "Animation": "Simple",
      "ShowCenterIcon": true,
      "CenterIconPosition": {
        "X": 0.0,
        "Y": 30.0
      },
      "CenterIconSize": {
        "X": 40.0,
        "Y": 40.0
      },
      "DrakeIconSize": {
        "X": 20.0,
        "Y": 20.0
      }
    }
  },
  "ObjectiveKill": {
    "ShowTeamIcon": false,
    "SoulPointScoreboardPopUp": {
      "Enabled": true,
      "UseImage": true,
      "UseVideo": false,
      "UseAlpha": true,
      "ForceDisplayDurationForVideo": true,
      "DisplayDuration": 2000.0,
      "AnimationDuration": 1000.0
    },
    "ElderKillScoreboardPopUp": {
      "Enabled": true,
      "UseImage": true,
      "UseVideo": false,
      "UseAlpha": true,
      "ForceDisplayDurationForVideo": true,
      "DisplayDuration": 2000.0,
      "AnimationDuration": 1000.0
    },
    "DragonKillScoreboardPopUp": {
      "Enabled": true,
      "UseImage": true,
      "UseVideo": false,
      "UseAlpha": true,
      "ForceDisplayDurationForVideo": true,
      "DisplayDuration": 2000.0,
      "AnimationDuration": 1000.0
    },
    "BaronKillScoreboardPopUp": {
      "Enabled": false,
      "UseImage": true,
      "UseVideo": false,
      "UseAlpha": true,
      "ForceDisplayDurationForVideo": true,
      "DisplayDuration": 2000.0,
      "AnimationDuration": 1000.0
    },
    "HeraldKillScoreboardPopUp": {
      "Enabled": true,
      "UseImage": true,
      "UseVideo": false,
      "UseAlpha": true,
      "ForceDisplayDurationForVideo": true,
      "DisplayDuration": 2000.0,
      "AnimationDuration": 1000.0
    }
  },
  "ObjectiveSpawn": {
    "BaronSpawnScoreboardPopUp": {
      "Enabled": true,
      "UseImage": true,
      "UseVideo": false,
      "UseAlpha": true,
      "ForceDisplayDurationForVideo": false,
      "DisplayDuration": 2000.0,
      "AnimationDuration": 1000.0
    },
    "DrakeSpawnScoreboardPopUp": {
      "Enabled": true,
      "UseImage": true,
      "UseVideo": false,
      "UseAlpha": true,
      "ForceDisplayDurationForVideo": false,
      "DisplayDuration": 2000.0,
      "AnimationDuration": 1000.0
    },
    "HeraldSpawnScoreboardPopUp": {
      "Enabled": true,
      "UseImage": true,
      "UseVideo": false,
      "UseAlpha": true,
      "ForceDisplayDurationForVideo": false,
      "DisplayDuration": 2000.0,
      "AnimationDuration": 1000.0
    }
  },
  "ItemComplete": {
    "UseCustomVideo": false,
    "ShowItemName": true,
    "ShowOnScoreboard": false,
    "ShowOnChampionIndicator": true,
    "InfoText": {
      "Style": "Normal",
      "Name": "News Cycle",
      "Size": "20px",
      "Align": "center",
      "Color": "rgb(255,255,255)"
    },
    "ItemAnimationStates": [
      {
        "Scale": 0.0,
        "Alpha": 0.0,
        "Position": {
          "X": 0.0,
          "Y": 0.0
        },
        "Mirror": false,
        "Duration": 0.0,
        "Ease": "",
        "Delay": 0.0
      },
      {
        "Scale": 1.0,
        "Alpha": 1.0,
        "Position": {
          "X": 0.0,
          "Y": 0.0
        },
        "Mirror": false,
        "Duration": 400.0,
        "Ease": "Quad.easeIn",
        "Delay": 0.0
      },
      {
        "Scale": 1.1,
        "Alpha": 1.0,
        "Position": {
          "X": 0.0,
          "Y": 0.0
        },
        "Mirror": false,
        "Duration": 3200.0,
        "Ease": "Linear",
        "Delay": 0.0
      },
      {
        "Scale": 2.5,
        "Alpha": 0.0,
        "Position": {
          "X": 0.0,
          "Y": 0.0
        },
        "Mirror": false,
        "Duration": 400.0,
        "Ease": "Quad.easeOut",
        "Delay": 0.0
      }
    ],
    "InfoTextAnimationStates": [
      {
        "Scale": 1.0,
        "Alpha": 0.0,
        "Position": {
          "X": 55.0,
          "Y": 0.0
        },
        "Mirror": true,
        "Duration": 0.0,
        "Ease": "",
        "Delay": 0.0
      },
      {
        "Scale": 1.0,
        "Alpha": 1.0,
        "Position": {
          "X": 55.0,
          "Y": 0.0
        },
        "Mirror": true,
        "Duration": 200.0,
        "Ease": "Quad.easeOut",
        "Delay": 1000.0
      },
      {
        "Scale": 1.0,
        "Alpha": 0.0,
        "Position": {
          "X": 55.0,
          "Y": 0.0
        },
        "Mirror": true,
        "Duration": 200.0,
        "Ease": "Quad.easeIn",
        "Delay": 1800.0
      }
    ],
    "InfoBackgroundAnimationStates": [
      {
        "Scale": 1.0,
        "Alpha": 1.0,
        "Position": {
          "X": 0.0,
          "Y": 80.0
        },
        "Mirror": false,
        "Duration": 0.0,
        "Ease": "",
        "Delay": 0.0
      },
      {
        "Scale": 1.0,
        "Alpha": 1.0,
        "Position": {
          "X": 0.0,
          "Y": 0.0
        },
        "Mirror": false,
        "Duration": 200.0,
        "Ease": "Quad.easeOut",
        "Delay": 800.0
      },
      {
        "Scale": 1.0,
        "Alpha": 1.0,
        "Position": {
          "X": 0.0,
          "Y": -80.0
        },
        "Mirror": false,
        "Duration": 200.0,
        "Ease": "Quad.easeIn",
        "Delay": 2200.0
      }
    ]
  },
  "LevelUp": {
    "UseCustomVideo": false,
    "ShowOnScoreboard": false,
    "ShowOnChampionIndicator": true,
    "LevelFont": {
      "Style": "Normal",
      "Name": "News Cycle",
      "Size": "60px",
      "Align": "center",
      "Color": "rgb(255,255,255)"
    },
    "UseTeamColors": true,
    "OrderColor": "rgb(0,0,255)",
    "ChaosColor": "rgb(255,0,0)",
    "NumberAnimationStates": [
      {
        "Scale": 1.0,
        "Alpha": 1.0,
        "Position": {
          "X": 0.0,
          "Y": 70.0
        },
        "Mirror": true,
        "Duration": 0.0,
        "Ease": "",
        "Delay": 0.0
      },
      {
        "Scale": 1.0,
        "Alpha": 1.0,
        "Position": {
          "X": 0.0,
          "Y": -30.0
        },
        "Mirror": true,
        "Duration": 300.0,
        "Ease": "Quad.easeOut",
        "Delay": 250.0
      },
      {
        "Scale": 1.0,
        "Alpha": 1.0,
        "Position": {
          "X": 0.0,
          "Y": -130.0
        },
        "Mirror": true,
        "Duration": 400.0,
        "Ease": "Quad.easeIn",
        "Delay": 3500.0
      }
    ],
    "BackgroundAnimationStates": [
      {
        "Scale": 1.0,
        "Alpha": 1.0,
        "Position": {
          "X": 0.0,
          "Y": 100.0
        },
        "Mirror": false,
        "Duration": 0.0,
        "Ease": "",
        "Delay": 0.0
      },
      {
        "Scale": 1.0,
        "Alpha": 1.0,
        "Position": {
          "X": 0.0,
          "Y": 0.0
        },
        "Mirror": false,
        "Duration": 300.0,
        "Ease": "Quad.easeOut",
        "Delay": 250.0
      },
      {
        "Scale": 1.0,
        "Alpha": 1.0,
        "Position": {
          "X": -90.0,
          "Y": 0.0
        },
        "Mirror": true,
        "Duration": 400.0,
        "Ease": "Quad.easeIn",
        "Delay": 4000.0
      }
    ]
  },
  "InfoPage": {
    "Position": {
      "X": 0.0,
      "Y": 135.0
    },
    "Title": {
      "Enabled": true,
      "Position": {
        "Gold": {
          "X": 150.0,
          "Y": 15.0
        },
        "XP": {
          "X": 150.0,
          "Y": 15.0
        },
        "CSPM": {
          "X": 150.0,
          "Y": 15.0
        }
      },
      "Font": {
        "Style": "Normal",
        "Name": "News Cycle",
        "Size": "26px",
        "Align": "center",
        "Color": "rgb(255,255,255)"
      }
    },
    "TitleHeight": 45.0,
    "TabConfig": {
      "TabSize": {
        "X": 300.0,
        "Y": 55.0
      },
      "UseTeamColorsText": false,
      "OrderColor": "rgb(255,255,255)",
      "ChaosColor": "rgb(255,255,255)",
      "ChampIcon": {
        "Enabled": true,
        "Position": {
          "Gold": {
            "X": 4.0,
            "Y": 8.0
          },
          "XP": {
            "X": 4.0,
            "Y": 8.0
          },
          "CSPM": {
            "X": 4.0,
            "Y": 8.0
          }
        },
        "Size": {
          "X": 42.0,
          "Y": 42.0
        }
      },
      "Separator": {
        "Enabled": true,
        "Position": {
          "Gold": {
            "X": 0.0,
            "Y": 0.0
          },
          "XP": {
            "X": 0.0,
            "Y": 0.0
          },
          "CSPM": {
            "X": 0.0,
            "Y": 0.0
          }
        },
        "Size": {
          "X": 300.0,
          "Y": 2.0
        }
      },
      "PlayerName": {
        "Enabled": true,
        "Position": {
          "Gold": {
            "X": 54.0,
            "Y": 6.0
          },
          "XP": {
            "X": 54.0,
            "Y": 6.0
          },
          "CSPM": {
            "X": 54.0,
            "Y": 6.0
          }
        },
        "Font": {
          "Style": "Normal",
          "Name": "News Cycle",
          "Size": "15px",
          "Align": "left",
          "Color": "rgb(255,255,255)"
        }
      },
      "MinValue": {
        "Enabled": true,
        "Position": {
          "Gold": {
            "X": 54.0,
            "Y": 22.0
          },
          "XP": {
            "X": 54.0,
            "Y": 22.0
          },
          "CSPM": {
            "X": 54.0,
            "Y": 22.0
          }
        },
        "Font": {
          "Style": "Normal",
          "Name": "News Cycle",
          "Size": "15px",
          "Align": "left",
          "Color": "rgb(255,255,255)"
        }
      },
      "CurrentValue": {
        "Enabled": true,
        "Position": {
          "Gold": {
            "X": 270.0,
            "Y": 15.0
          },
          "XP": {
            "X": 280.0,
            "Y": 15.0
          },
          "CSPM": {
            "X": 280.0,
            "Y": 15.0
          }
        },
        "Font": {
          "Style": "Normal",
          "Name": "News Cycle",
          "Size": "25px",
          "Align": "center",
          "Color": "rgb(255,255,255)"
        }
      },
      "MaxValue": {
        "Enabled": true,
        "Position": {
          "Gold": {
            "X": 230.0,
            "Y": 22.0
          },
          "XP": {
            "X": 260.0,
            "Y": 22.0
          },
          "CSPM": {
            "X": 260.0,
            "Y": 22.0
          }
        },
        "Font": {
          "Style": "Normal",
          "Name": "News Cycle",
          "Size": "15px",
          "Align": "right",
          "Color": "rgb(255,255,255)"
        }
      },
      "ProgressBar": {
        "Enabled": true,
        "Position": {
          "Gold": {
            "X": 52.0,
            "Y": 40.0
          },
          "XP": {
            "X": 52.0,
            "Y": 40.0
          },
          "CSPM": {
            "X": 52.0,
            "Y": 40.0
          }
        },
        "Size": {
          "Gold": {
            "X": 180.0,
            "Y": 10.0
          },
          "XP": {
            "X": 210.0,
            "Y": 10.0
          },
          "CSPM": {
            "X": 210.0,
            "Y": 10.0
          }
        },
        "UseTeamColors": true,
        "DefaultColor": "rgb(0,0,0)",
        "OrderColor": "rgb(222,40,70)",
        "ChaosColor": "rgb(0,151,196)",
        "Animate": true
      }
    },
    "Background": {
      "UseImage": false,
      "UseVideo": false,
      "UseAlpha": true,
      "FallbackColor": "rgb(19, 24, 63)",
      "Size": {
        "X": 300.0,
        "Y": 600.0
      }
    }
  },
  "GoldGraph": {
    "Position": {
      "X": 965.0,
      "Y": 845.0
    },
    "Size": {
      "X": 740.0,
      "Y": 235.0
    },
    "Background": {
      "UseImage": true,
      "UseVideo": false,
      "UseAlpha": true,
      "FallbackColor": "rgba(0,0,0,0)"
    },
    "Title": {
      "Enabled": true,
      "Position": {
        "X": 0.0,
        "Y": 10.0
      },
      "Font": {
        "Style": "Bold",
        "Name": "News Cycle",
        "Size": "22px",
        "Align": "left",
        "Color": "rgb(230,190,138)"
      },
      "Text": "GOLD DIFFERENCE SINCE START"
    },
    "Graph": {
      "Position": {
        "X": 5.0,
        "Y": 40.0
      },
      "Size": {
        "X": 710.0,
        "Y": 190.0
      },
      "ShowVerticalGrid": true,
      "ShowHorizontalGrid": true,
      "LineTension": 0.05,
      "GridColor": "rgba(255,255,255, 0.3)",
      "GridEdgeColor": "rgba(255,255,255, 0.4)",
      "BorderUseTeamColors": true,
      "BorderOrderColor": "rgb(0,0,0)",
      "BorderChaosColor": "rgb(0,0,0)",
      "FillUseTeamColors": true,
      "FillOrderColor": "rgb(0,0,0)",
      "FillChaosColor": "rgb(0,0,0)",
      "InfoFont": {
        "Style": "UNUSED",
        "Name": "News Cycle",
        "Size": "UNUSED",
        "Align": "UNUSED",
        "Color": "rgb(230,190,138)"
      },
      "TimeStepSize": 30,
      "ShowTimeStepIndicators": true
    }
  },
  "BaronTimer": {
    "Position": {
      "X": 1800.0,
      "Y": 55.0
    },
    "MaskPosition": {
      "X": 1750.0,
      "Y": 20.0
    },
    "MaskSize": {
      "X": 150.0,
      "Y": 70.0
    },
    "Scale": 0.8,
    "Align": "right",
    "ShowGoldDiff": true,
    "ShowTimer": true,
    "ObjectiveIcon": true,
    "Animate": true,
    "IconPosition": {
      "X": 0.0,
      "Y": 0.0
    },
    "GoldPosition": {
      "X": 25.0,
      "Y": -25.0
    },
    "GoldIconPosition": {
      "X": -7.0,
      "Y": -25.0
    },
    "GoldFont": {
      "Style": "Bold",
      "Name": "News Cycle",
      "Size": "22px",
      "Align": "right",
      "Color": "rgb(230,190,138)"
    },
    "TimePosition": {
      "X": 25.0,
      "Y": 0.0
    },
    "TimeIconPosition": {
      "X": -10.0,
      "Y": 0.0
    },
    "TimeFont": {
      "Style": "Bold",
      "Name": "News Cycle",
      "Size": "22px",
      "Align": "right",
      "Color": "rgb(230,190,138)"
    }
  },
  "ElderTimer": {
    "Position": {
      "X": 120.0,
      "Y": 55.0
    },
    "MaskPosition": {
      "X": 50.0,
      "Y": 20.0
    },
    "MaskSize": {
      "X": 150.0,
      "Y": 70.0
    },
    "Scale": 0.8,
    "Align": "left",
    "ShowGoldDiff": true,
    "ShowTimer": true,
    "ObjectiveIcon": true,
    "Animate": true,
    "IconPosition": {
      "X": 40.0,
      "Y": 0.0
    },
    "GoldPosition": {
      "X": 18.0,
      "Y": -25.0
    },
    "GoldIconPosition": {
      "X": 22.0,
      "Y": -25.0
    },
    "GoldFont": {
      "Style": "Bold",
      "Name": "News Cycle",
      "Size": "22px",
      "Align": "left",
      "Color": "rgb(230,190,138)"
    },
    "TimePosition": {
      "X": 800.0,
      "Y": 40.0
    },
    "TimeIconPosition": {
      "X": 20.0,
      "Y": -2.0
    },
    "TimeFont": {
      "Style": "Bold",
      "Name": "News Cycle",
      "Size": "22px",
      "Align": "left",
      "Color": "rgb(230,190,138)"
    }
  },
  "GoogleFonts": [
    "News Cycle",
    "News Cycle:bold",
    "Droid Sans"
  ],
  "FileVersion": "2.2"
}
[22-14-45] Config Ingame loaded
[22-14-45] Found Component.json. Reading values
[22-14-45] {
  "DataDragon": {
    "MinimumGoldCost": 2000,
    "Region": "euw",
    "Locale": "en_US",
    "CDN": "https://ddragon.leagueoflegends.com/cdn",
    "Patch": "latest"
  },
  "PickBan": {
    "IsActive": true,
    "UseDelay": false,
    "DelayValue": 300,
    "DefaultBlueColor": "rgb(66, 133, 244)",
    "DefaultRedColor": "rgb(234, 67, 53)"
  },
  "Ingame": {
    "IsActive": true,
    "UseLiveEvents": true,
    "DoLevelUp": true,
    "DoItemCompleted": true,
    "SeriesGameCount": 3,
    "Objectives": {
      "DoBaronKill": true,
      "DoDragonKill": true,
      "DoInhibitors": false,
      "DoObjectiveSpawnPopUp": false,
      "DoObjectiveKillPopUp": false
    },
    "Teams": {
      "DoTeamNames": true,
      "DoTeamIcons": false,
      "DoTeamScores": false
    },
    "UseCustomScoreboard": true
  },
  "Replay": {
    "IsActive": true,
    "UseAutoInitUI": true
  },
  "PostGame": {
    "IsActive": false
  },
  "App": {
    "LogLevel": 2,
    "CheckForUpdates": true,
    "UpdateRepositoryUrl": "https://github.com/floh22/LeagueBroadcast",
    "UpdateRepositoryName": "floh22/LeagueBroadcast",
    "LeagueInstall": [
      "C:\\",
      "D:\\",
      "E:\\",
      "F:\\",
      "C:\\Program Files",
      "C:\\Program Files (x86)"
    ],
    "CheckForOffsets": true,
    "OffsetRepository": "https://raw.githubusercontent.com/floh22/LeagueBroadcast/v2/Offsets/",
    "OffsetPrefix": "Offsets-"
  },
  "FileVersion": "1.3"
}
[22-14-45] Config Component loaded
[22-14-45] Loading config watchers
[22-14-45] Watching PickBan.json for changes
[22-14-45] Watching Component.json for changes
[22-14-45] Watching Ingame.json for changes
[22-14-45] Log Level set to Info
[22-14-45] League Broadcast Version 1.4.65
[22-14-45] [Update] Checking for Updates
[22-14-45] [Update] Latest release version v1.4.65 vs. current version 1.4.65
[22-14-45] [Update] Local version up to date
[22-14-45] Using current Version
[22-14-45] Early Init Complete in 1040.2005ms
[22-14-45] DataDragon Provider Init
[22-14-45] Getting latest versions from dataDragon
[22-14-45] Retrieving latest patch info
[22-14-45] Champion: 11.16.1, Item: 11.16.1, CDN: https://ddragon.leagueoflegends.com/cdn
[22-14-46] Loaded 156 champions
[22-14-46] Loaded 15 summoner spells
[22-14-46] Detected 199 items
[22-14-46] Loaded 94 full items
[22-14-46] Checking Local Cache
[22-14-46] Cache C:\Users\Gamer\Documents\XLNC\LeagueBroadcast-1.4.65 XLNC Edition/Cache/11.16.1 exists already
[22-14-46] DDragon loaded
[22-14-46] Loading PickBan Controller
[22-14-46] Loading Ingame Controller
[22-14-46] Checking League install for LiveEventsAPI
[22-14-46] Found League install location
[22-14-46] LiveEvents API found in Game config
[22-14-46] [WARNING] Could not parse game config. Replay API may not be enabled!
[22-14-46] Verifying LiveEvents list
[22-14-46] Loading Replay Controller
[22-14-46] Loading Farsight
[22-14-46] Farsight loaded. Found 156 Champ names
[22-14-46] Loading Frontend Webserver (HTTP/WS)
[22-14-46] Server file system starting
[22-14-46] WebServer New State - Loading
[22-14-46] WebServer New State - Listening
[22-14-46] WebServer running on http://*:9001/
[22-14-46] Whats that ticking noise?
[22-14-46] Init Complete in 0.937s
[22-14-46] Opening main window
[22-14-46] Connection State Changed
[22-14-46] New Client bYYQFpWJr0yZSUmXgLa7yg connected from http://localhost:9001
[22-14-46] Loading State Controller
[22-14-46] Connecting to League Client
[22-14-46] PickBan Enabled
[22-14-46] Ingame Enabled
[22-14-46] Using direct PickBan
[22-14-46] Starting LeagueBroadcast with tickrate of 2tps
[22-14-46] Checking for running Game
[22-14-46] Target process (League of Legends) detected.
[22-14-46] Init Game State
[22-14-46] Game State reset
[22-14-46] Connection State Changed
[22-14-46] Post Init Complete in 361.1389ms
[22-14-46] Total Startup time: 2.338s
[22-14-46] Connected to League Client in 104 ms
[22-14-46] Local Client Version 11.16.1
[22-14-46] Loading offsets for current patch
[22-14-46] Found Farsight.json. Reading values
[22-14-46] Config Farsight loaded
[22-14-46] Watching Farsight.json for changes
[22-14-46] Using offsets 11.16.1
[22-14-47] Game Loaded
[22-14-47] Game Paused
[22-14-47] LiveEventAPI Connected
[22-14-47] Game Resumed
[22-14-47] Baron spawned
[22-14-47] Init Team data
[22-14-48] Init UI
[22-14-48] [WARNING] Received invalid response from replay API. Is it enabled?
[22-15-09] Player 5 finished Item 3026
[22-15-11] Client bYYQFpWJr0yZSUmXgLa7yg disconnected
[22-15-12] New Client FLx88owt6UGLghX1hKaJqQ connected from http://localhost:9001
[22-15-21] League State: WaitingForStats
[22-15-21] LiveEventAPI Closed
[22-15-21] Game ended
[22-15-21] Connection State Changed
[22-15-22] LiveEventAPI Closed
[22-15-22] Game ended
[22-15-22] Connection State Changed
[22-15-22] League State: PreEndOfGame
[22-15-23] League State: EndOfGame
[22-15-28] League State: None
[22-15-40] League State: GameStart
[22-15-40] League State: InProgress
[22-15-41] Target process (League of Legends) detected.
[22-15-41] Init Game State
[22-15-41] Game State reset
[22-15-41] Connection State Changed
[22-15-56] Game Loaded
[22-15-56] Game Paused
[22-15-56] LiveEventAPI Connected
[22-15-57] Init UI
[22-15-57] [WARNING] Received invalid response from replay API. Is it enabled?
[22-16-04] Game Resumed
[22-16-04] Init Team data
[22-16-09] Player 2 lvl up
[22-16-09] Player 4 finished Item 3036
[22-16-18] Player 7 lvl up
[22-16-24] Player 6 finished Item 6694
[22-16-43] Ingame.json change detected
[22-16-44] Found Ingame.json. Reading values
[22-16-44] Config Ingame loaded
[22-16-48] Ingame.json change detected
[22-16-49] Found Ingame.json. Reading values
[22-16-49] Config Ingame loaded
[22-16-56] Ingame.json change detected
[22-16-56] Found Ingame.json. Reading values
[22-16-56] Config Ingame loaded
[22-17-01] Ingame.json change detected
[22-17-02] Found Ingame.json. Reading values
[22-17-02] Config Ingame loaded
[22-17-05] Client FLx88owt6UGLghX1hKaJqQ disconnected
[22-17-06] New Client nvKfeDbEh0yH3HbWMC5nxg connected from http://localhost:9001
[22-17-24] Herald spawned
[22-17-33] Player 8 finished Item 6653
[22-17-50] Ingame.json change detected
[22-17-50] Found Ingame.json. Reading values
[22-17-50] Config Ingame loaded
[22-17-53] Ingame.json change detected
[22-17-54] Found Ingame.json. Reading values
[22-17-54] Config Ingame loaded
[22-17-58] Ingame.json change detected
[22-17-59] Found Ingame.json. Reading values
[22-17-59] Config Ingame loaded
[22-18-05] Ingame.json change detected
[22-18-05] Found Ingame.json. Reading values
[22-18-05] Config Ingame loaded
[22-18-10] Ingame.json change detected
[22-18-10] Found Ingame.json. Reading values
[22-18-10] Config Ingame loaded
[22-18-15] Mountain spawned
[22-18-19] Ingame.json change detected
[22-18-20] Found Ingame.json. Reading values
[22-18-20] Config Ingame loaded
[22-18-20] Player 0 finished Item 3152
[22-18-24] Ingame.json change detected
[22-18-24] Found Ingame.json. Reading values
[22-18-24] Config Ingame loaded
[22-18-28] Ingame.json change detected
[22-18-28] Found Ingame.json. Reading values
[22-18-28] Config Ingame loaded
[22-18-30] Ingame.json change detected
[22-18-31] Found Ingame.json. Reading values
[22-18-31] Config Ingame loaded
[22-18-33] Ingame.json change detected
[22-18-34] Found Ingame.json. Reading values
[22-18-34] Config Ingame loaded
[22-18-35] Ingame.json change detected
[22-18-36] Found Ingame.json. Reading values
[22-18-36] Config Ingame loaded
[22-18-37] Player 6 lvl up
[22-18-44] Ingame.json change detected
[22-18-45] Found Ingame.json. Reading values
[22-18-45] Config Ingame loaded
[22-18-51] Ingame.json change detected
[22-18-52] Found Ingame.json. Reading values
[22-18-52] Config Ingame loaded
[22-18-55] Herald killed by ORDER
[22-19-06] Player 9 finished Item 3859
[22-19-19] Mountain killed by ORDER
[22-19-21] Player 5 finished Item 3152
[22-19-41] Player 3 lvl up
[22-19-47] Player 5 lvl up
[22-19-58] Ingame.json change detected
[22-19-59] Found Ingame.json. Reading values
[22-19-59] Config Ingame loaded
[22-20-02] Player 9 finished Item 3190
[22-20-03] Ingame.json change detected
[22-20-04] Found Ingame.json. Reading values
[22-20-04] Config Ingame loaded
[22-20-08] Ingame.json change detected
[22-20-08] Found Ingame.json. Reading values
[22-20-08] Config Ingame loaded
[22-20-12] Player 3 finished Item 3004
[22-20-28] Player 4 finished Item 6676
[22-20-49] Player 2 finished Item 3011
[22-20-49] Player 8 lvl up
[22-21-00] Player 7 finished Item 3004
[22-21-03] Baron spawned
[22-21-04] Ingame.json change detected
[22-21-04] Found Ingame.json. Reading values
[22-21-04] Config Ingame loaded
[22-21-08] Game Paused
[22-21-09] Client nvKfeDbEh0yH3HbWMC5nxg disconnected
[22-21-09] New Client 7r+04JzIsEGdYaQMItI49g connected from http://localhost:9001
[22-21-16] League State: WaitingForStats
[22-21-16] LiveEventAPI Closed
[22-21-16] Game ended
[22-21-16] Connection State Changed
[22-21-17] LiveEventAPI Closed
[22-21-17] Game ended
[22-21-17] Connection State Changed
[22-21-18] League State: PreEndOfGame
[22-21-18] League State: EndOfGame
[22-21-27] Connection State Changed
[22-21-27] Client Disconnected! Attempting to reconnect...
[22-21-40] Connection State Changed
[22-21-40] Client Reconnected!
[22-22-23] League State: GameStart
[22-22-23] League State: InProgress
[22-22-23] Target process (League of Legends) detected.
[22-22-23] Init Game State
[22-22-23] Game State reset
[22-22-23] Connection State Changed
[22-22-40] Game Loaded
[22-22-40] Game Paused
[22-22-40] LiveEventAPI Connected
[22-22-41] Game Resumed
[22-22-41] Init Team data
[22-22-41] Cloud spawned
[22-22-41] Init UI
[22-22-41] [WARNING] Received invalid response from replay API. Is it enabled?
[22-22-42] Player 5 lvl up
[22-22-56] Player 3 lvl up
[22-23-43] Player 0 lvl up
[22-23-46] Ingame.json change detected
[22-23-46] Found Ingame.json. Reading values
[22-23-46] Config Ingame loaded
[22-23-48] Ingame.json change detected
[22-23-49] Found Ingame.json. Reading values
[22-23-49] Config Ingame loaded
[22-23-50] Ingame.json change detected
[22-23-51] Found Ingame.json. Reading values
[22-23-51] Config Ingame loaded
[22-23-56] Ingame.json change detected
[22-23-56] [WARNING] Could not reload Ingame
[22-23-58] Ingame.json change detected
[22-23-58] Found Ingame.json. Reading values
[22-23-58] Config Ingame loaded
[22-24-02] Ingame.json change detected
[22-24-02] Found Ingame.json. Reading values
[22-24-02] Player 2 lvl up
[22-24-02] Config Ingame loaded
[22-24-07] Player 6 lvl up
[22-24-35] Player 1 lvl up
[22-24-36] Player 9 finished Item 3851
[22-24-37] Herald spawned
[22-24-56] Cloud killed by CHAOS
[22-25-03] Player 8 lvl up
[22-25-09] Ingame.json change detected
[22-25-10] Found Ingame.json. Reading values
[22-25-10] Config Ingame loaded
[22-25-16] Ingame.json change detected
[22-25-16] Found Ingame.json. Reading values
[22-25-16] Config Ingame loaded
[22-26-00] Player 9 lvl up
[22-26-16] Ingame.json change detected
[22-26-17] Found Ingame.json. Reading values
[22-26-17] Config Ingame loaded
[22-26-20] Ingame.json change detected
[22-26-20] Found Ingame.json. Reading values
[22-26-20] Config Ingame loaded
[22-26-25] Player 4 lvl up
[22-26-29] Ingame.json change detected
[22-26-29] Found Ingame.json. Reading values
[22-26-29] Config Ingame loaded
[22-26-59] Herald killed by ORDER
[22-27-06] Ingame.json change detected
[22-27-06] Found Ingame.json. Reading values
[22-27-06] Config Ingame loaded
[22-27-12] Ingame.json change detected
[22-27-13] Found Ingame.json. Reading values
[22-27-13] Config Ingame loaded
[22-27-20] Ingame.json change detected
[22-27-20] Found Ingame.json. Reading values
[22-27-20] Config Ingame loaded
[22-28-06] Player 4 finished Item 3859
[22-28-09] Player 2 finished Item 3004
[22-28-12] Ingame.json change detected
[22-28-13] Found Ingame.json. Reading values
[22-28-13] Config Ingame loaded
[22-28-14] Saving all configs to file
[22-28-14] Writing PickBan config to file
[22-28-14] Updated PickBan config file
[22-28-14] Writing Component config to file
[22-28-14] Updated Component config file
[22-28-14] Writing Farsight config to file
[22-28-14] Updated Farsight config file
[22-28-14] Writing Ingame config to file
[22-28-14] Updated Ingame config file
[22-28-14] Configs saved
