[22-29-00] Logging Init
[22-29-00] Starting Config Controller
[22-29-00] Config Provider started
[22-29-00] Looking for config files at /Config
[22-29-00] Found PickBan.json. Reading values
[22-29-00] {
  "frontend": {
    "scoreEnabled": true,
    "spellsEnabled": true,
    "coachesEnabled": false,
    "blueTeam": {
      "name": "AOE Randoms",
      "nameTag": "BIG CHONKS",
      "score": 0,
      "coach": "G2 Grabz",
      "color": "rgb(66,133,244)"
    },
    "redTeam": {
      "name": "LOTUS",
      "nameTag": "LOTUS",
      "score": 0,
      "coach": "G2 Grabz",
      "color": "rgb(234,67,53)"
    },
    "patch": "11.16.1"
  },
  "FileVersion": "1.0"
}
[22-29-00] Config PickBan loaded
[22-29-00] Found Ingame.json. Reading values
[22-29-00] {
  "Inhib": {
    "Position": {
      "X": 0.0,
      "Y": 845.0
    },
    "Size": {
      "X": 306.0,
      "Y": 118.0
    },
    "UseBackgroundImage": true,
    "UseBackgroundVideo": false,
    "Color": "rgba(19,24,63,255)",
    "Font": {
      "Style": "Normal",
      "Name": "News Cycle",
      "Size": "15px",
      "Align": "right",
      "Color": "rgb(255,255,255)"
    },
    "IconSize": 40.0,
    "HideWhenNoneDestroyed": true,
    "UseTeamColors": true,
    "BlueTeam": {
      "Position": {
        "X": 40.0,
        "Y": 20.0
      },
      "LaneOffset": {
        "X": 100.0,
        "Y": 0.0
      },
      "UseTeamColor": true,
      "Color": "rgb(0,0,0)",
      "IconOffset": {
        "X": 10.0,
        "Y": -24.0
      }
    },
    "RedTeam": {
      "Position": {
        "X": 40.0,
        "Y": 80.0
      },
      "LaneOffset": {
        "X": 100.0,
        "Y": 0.0
      },
      "UseTeamColor": true,
      "Color": "rgb(255,255,255)",
      "IconOffset": {
        "X": 10.0,
        "Y": -24.0
      }
    },
    "LaneOrder": [
      "bot",
      "mid",
      "top"
    ]
  },
  "Score": {
    "Position": {
      "X": 960.0,
      "Y": 0.0
    },
    "Size": {
      "X": 770.0,
      "Y": 92.0
    },
    "TimeFont": {
      "Style": "Bold",
      "Name": "Myriad Pro",
      "Size": "44px",
      "Align": "center",
      "Color": "rgb(255,255,255)"
    },
    "TimePosition": {
      "X": 520.5,
      "Y": 56.0
    },
    "BlueTeam": {
      "Kills": {
        "Position": {
          "X": -85.0,
          "Y": 24.0
        },
        "Font": {
          "Style": "Bold",
          "Name": "Myriad Pro",
          "Size": "60px",
          "Align": "center",
          "Color": "rgb(255,255,255)"
        },
        "Icon": {
          "Name": "KillsIcon",
          "Size": {
            "X": 100.0,
            "Y": 100.0
          },
          "Offset": {
            "X": 0.0,
            "Y": 0.0
          }
        }
      },
      "Towers": {
        "Position": {
          "X": -290.0,
          "Y": 61.5
        },
        "Font": {
          "Style": "Bold",
          "Name": "Myriad Pro",
          "Size": "16px",
          "Align": "center",
          "Color": "rgb(255,255,255)"
        },
        "Icon": {
          "Name": "TowerIcon",
          "Size": {
            "X": 25.0,
            "Y": 30.0
          },
          "Offset": {
            "X": -3000.0,
            "Y": 13.0
          }
        }
      },
      "Gold": {
        "Position": {
          "X": -366.0,
          "Y": 61.5
        },
        "Font": {
          "Style": "Bold",
          "Name": "Myriad Pro",
          "Size": "16px",
          "Align": "center",
          "Color": "rgb(255,255,255)"
        },
        "Icon": {
          "Name": "GoldIcon",
          "Size": {
            "X": 40.0,
            "Y": 30.0
          },
          "Offset": {
            "X": -3500.0,
            "Y": 10.0
          }
        }
      },
      "Drakes": {
        "Position": {
          "X": -55.0,
          "Y": 71.0
        },
        "Offset": {
          "X": -12.0,
          "Y": 0.0
        }
      },
      "Name": {
        "UseTag": false,
        "Position": {
          "X": -172.0,
          "Y": 32.0
        },
        "AdaptiveFontSize": false,
        "MaxSize": {
          "X": 600.0,
          "Y": 600.0
        },
        "Font": {
          "Style": "Bold",
          "Name": "Myriad Pro",
          "Size": "28px",
          "Align": "right",
          "Color": "rgb(255,255,255)"
        }
      },
      "Icon": {
        "Position": {
          "X": -21.0,
          "Y": 30.0
        },
        "Size": {
          "X": 60.0,
          "Y": 60.0
        },
        "UseBackground": true,
        "BackgroundOffset": {
          "X": -10.0,
          "Y": 0.0
        }
      },
      "Score": {
        "Position": {
          "X": -380.0,
          "Y": 70.0
        },
        "NumberFont": {
          "Style": "Normal",
          "Name": "News Cycle",
          "Size": "15px",
          "Align": "right",
          "Color": "rgb(255,255,255)"
        },
        "UseCircleIcons": false,
        "CircleOffset": {
          "X": 25.0,
          "Y": 0.0
        },
        "CircleRadius": 10.0,
        "UseTeamColor": false,
        "StrokeColor": "rgb(255,255,255)",
        "FillColor": "rgb(255,255,255)"
      }
    },
    "RedTeam": {
      "Kills": {
        "Position": {
          "X": 375.0,
          "Y": 24.0
        },
        "Font": {
          "Style": "Bold",
          "Name": "Myriad Pro",
          "Size": "60px",
          "Align": "center",
          "Color": "rgb(255,255,255)"
        },
        "Icon": {
          "Name": "KillsIcon",
          "Size": {
            "X": 100.0,
            "Y": 100.0
          },
          "Offset": {
            "X": 0.0,
            "Y": 0.0
          }
        }
      },
      "Towers": {
        "Position": {
          "X": 170.0,
          "Y": 61.5
        },
        "Font": {
          "Style": "Bold",
          "Name": "Myriad Pro",
          "Size": "16px",
          "Align": "center",
          "Color": "rgb(255,255,255)"
        },
        "Icon": {
          "Name": "TowerIcon",
          "Size": {
            "X": -25.0,
            "Y": 30.0
          },
          "Offset": {
            "X": -1005.0,
            "Y": 13.0
          }
        }
      },
      "Gold": {
        "Position": {
          "X": 94.0,
          "Y": 61.5
        },
        "Font": {
          "Style": "Bold",
          "Name": "Myriad Pro",
          "Size": "16px",
          "Align": "center",
          "Color": "rgb(255,255,255)"
        },
        "Icon": {
          "Name": "GoldIcon",
          "Size": {
            "X": 40.0,
            "Y": 30.0
          },
          "Offset": {
            "X": -3500.0,
            "Y": 10.0
          }
        }
      },
      "Drakes": {
        "Position": {
          "X": 50.0,
          "Y": 80.0
        },
        "Offset": {
          "X": 12.0,
          "Y": 0.0
        }
      },
      "Name": {
        "UseTag": false,
        "Position": {
          "X": 290.0,
          "Y": 32.0
        },
        "AdaptiveFontSize": false,
        "MaxSize": {
          "X": 100.0,
          "Y": 50.0
        },
        "Font": {
          "Style": "Bold",
          "Name": "Myriad Pro",
          "Size": "28px",
          "Align": "right",
          "Color": "rgb(255,255,255)"
        }
      },
      "Icon": {
        "Position": {
          "X": 430.0,
          "Y": 30.0
        },
        "Size": {
          "X": 60.0,
          "Y": 60.0
        },
        "UseBackground": false,
        "BackgroundOffset": {
          "X": 10.0,
          "Y": 0.0
        }
      },
      "Score": {
        "Position": {
          "X": 380.0,
          "Y": 70.0
        },
        "NumberFont": {
          "Style": "Normal",
          "Name": "News Cycle",
          "Size": "15px",
          "Align": "left",
          "Color": "rgb(255,255,255)"
        },
        "UseCircleIcons": true,
        "CircleOffset": {
          "X": -25.0,
          "Y": 0.0
        },
        "CircleRadius": 10.0,
        "UseTeamColor": true,
        "StrokeColor": "rgb(255,255,255)",
        "FillColor": "rgb(255,255,255)"
      }
    },
    "Background": {
      "UseImage": true,
      "UseVideo": false,
      "UseAlpha": true,
      "FallbackColor": "rgba(0,0,0,0)"
    },
    "Misc": {
      "Animation": "Simple",
      "ShowCenterIcon": true,
      "CenterIconPosition": {
        "X": 0.0,
        "Y": 30.0
      },
      "CenterIconSize": {
        "X": 40.0,
        "Y": 40.0
      },
      "DrakeIconSize": {
        "X": 20.0,
        "Y": 20.0
      }
    }
  },
  "ObjectiveKill": {
    "ShowTeamIcon": false,
    "SoulPointScoreboardPopUp": {
      "Enabled": true,
      "UseImage": true,
      "UseVideo": false,
      "UseAlpha": true,
      "ForceDisplayDurationForVideo": true,
      "DisplayDuration": 2000.0,
      "AnimationDuration": 1000.0
    },
    "ElderKillScoreboardPopUp": {
      "Enabled": true,
      "UseImage": true,
      "UseVideo": false,
      "UseAlpha": true,
      "ForceDisplayDurationForVideo": true,
      "DisplayDuration": 2000.0,
      "AnimationDuration": 1000.0
    },
    "DragonKillScoreboardPopUp": {
      "Enabled": true,
      "UseImage": true,
      "UseVideo": false,
      "UseAlpha": true,
      "ForceDisplayDurationForVideo": true,
      "DisplayDuration": 2000.0,
      "AnimationDuration": 1000.0
    },
    "BaronKillScoreboardPopUp": {
      "Enabled": false,
      "UseImage": true,
      "UseVideo": false,
      "UseAlpha": true,
      "ForceDisplayDurationForVideo": true,
      "DisplayDuration": 2000.0,
      "AnimationDuration": 1000.0
    },
    "HeraldKillScoreboardPopUp": {
      "Enabled": true,
      "UseImage": true,
      "UseVideo": false,
      "UseAlpha": true,
      "ForceDisplayDurationForVideo": true,
      "DisplayDuration": 2000.0,
      "AnimationDuration": 1000.0
    }
  },
  "ObjectiveSpawn": {
    "BaronSpawnScoreboardPopUp": {
      "Enabled": true,
      "UseImage": true,
      "UseVideo": false,
      "UseAlpha": true,
      "ForceDisplayDurationForVideo": false,
      "DisplayDuration": 2000.0,
      "AnimationDuration": 1000.0
    },
    "DrakeSpawnScoreboardPopUp": {
      "Enabled": true,
      "UseImage": true,
      "UseVideo": false,
      "UseAlpha": true,
      "ForceDisplayDurationForVideo": false,
      "DisplayDuration": 2000.0,
      "AnimationDuration": 1000.0
    },
    "HeraldSpawnScoreboardPopUp": {
      "Enabled": true,
      "UseImage": true,
      "UseVideo": false,
      "UseAlpha": true,
      "ForceDisplayDurationForVideo": false,
      "DisplayDuration": 2000.0,
      "AnimationDuration": 1000.0
    }
  },
  "ItemComplete": {
    "UseCustomVideo": false,
    "ShowItemName": true,
    "ShowOnScoreboard": false,
    "ShowOnChampionIndicator": true,
    "InfoText": {
      "Style": "Normal",
      "Name": "News Cycle",
      "Size": "20px",
      "Align": "center",
      "Color": "rgb(255,255,255)"
    },
    "ItemAnimationStates": [
      {
        "Scale": 0.0,
        "Alpha": 0.0,
        "Position": {
          "X": 0.0,
          "Y": 0.0
        },
        "Mirror": false,
        "Duration": 0.0,
        "Ease": "",
        "Delay": 0.0
      },
      {
        "Scale": 1.0,
        "Alpha": 1.0,
        "Position": {
          "X": 0.0,
          "Y": 0.0
        },
        "Mirror": false,
        "Duration": 400.0,
        "Ease": "Quad.easeIn",
        "Delay": 0.0
      },
      {
        "Scale": 1.1,
        "Alpha": 1.0,
        "Position": {
          "X": 0.0,
          "Y": 0.0
        },
        "Mirror": false,
        "Duration": 3200.0,
        "Ease": "Linear",
        "Delay": 0.0
      },
      {
        "Scale": 2.5,
        "Alpha": 0.0,
        "Position": {
          "X": 0.0,
          "Y": 0.0
        },
        "Mirror": false,
        "Duration": 400.0,
        "Ease": "Quad.easeOut",
        "Delay": 0.0
      }
    ],
    "InfoTextAnimationStates": [
      {
        "Scale": 1.0,
        "Alpha": 0.0,
        "Position": {
          "X": 55.0,
          "Y": 0.0
        },
        "Mirror": true,
        "Duration": 0.0,
        "Ease": "",
        "Delay": 0.0
      },
      {
        "Scale": 1.0,
        "Alpha": 1.0,
        "Position": {
          "X": 55.0,
          "Y": 0.0
        },
        "Mirror": true,
        "Duration": 200.0,
        "Ease": "Quad.easeOut",
        "Delay": 1000.0
      },
      {
        "Scale": 1.0,
        "Alpha": 0.0,
        "Position": {
          "X": 55.0,
          "Y": 0.0
        },
        "Mirror": true,
        "Duration": 200.0,
        "Ease": "Quad.easeIn",
        "Delay": 1800.0
      }
    ],
    "InfoBackgroundAnimationStates": [
      {
        "Scale": 1.0,
        "Alpha": 1.0,
        "Position": {
          "X": 0.0,
          "Y": 80.0
        },
        "Mirror": false,
        "Duration": 0.0,
        "Ease": "",
        "Delay": 0.0
      },
      {
        "Scale": 1.0,
        "Alpha": 1.0,
        "Position": {
          "X": 0.0,
          "Y": 0.0
        },
        "Mirror": false,
        "Duration": 200.0,
        "Ease": "Quad.easeOut",
        "Delay": 800.0
      },
      {
        "Scale": 1.0,
        "Alpha": 1.0,
        "Position": {
          "X": 0.0,
          "Y": -80.0
        },
        "Mirror": false,
        "Duration": 200.0,
        "Ease": "Quad.easeIn",
        "Delay": 2200.0
      }
    ]
  },
  "LevelUp": {
    "UseCustomVideo": false,
    "ShowOnScoreboard": false,
    "ShowOnChampionIndicator": true,
    "LevelFont": {
      "Style": "Normal",
      "Name": "News Cycle",
      "Size": "60px",
      "Align": "center",
      "Color": "rgb(255,255,255)"
    },
    "UseTeamColors": true,
    "OrderColor": "rgb(0,0,255)",
    "ChaosColor": "rgb(255,0,0)",
    "NumberAnimationStates": [
      {
        "Scale": 1.0,
        "Alpha": 1.0,
        "Position": {
          "X": 0.0,
          "Y": 70.0
        },
        "Mirror": true,
        "Duration": 0.0,
        "Ease": "",
        "Delay": 0.0
      },
      {
        "Scale": 1.0,
        "Alpha": 1.0,
        "Position": {
          "X": 0.0,
          "Y": -30.0
        },
        "Mirror": true,
        "Duration": 300.0,
        "Ease": "Quad.easeOut",
        "Delay": 250.0
      },
      {
        "Scale": 1.0,
        "Alpha": 1.0,
        "Position": {
          "X": 0.0,
          "Y": -130.0
        },
        "Mirror": true,
        "Duration": 400.0,
        "Ease": "Quad.easeIn",
        "Delay": 3500.0
      }
    ],
    "BackgroundAnimationStates": [
      {
        "Scale": 1.0,
        "Alpha": 1.0,
        "Position": {
          "X": 0.0,
          "Y": 100.0
        },
        "Mirror": false,
        "Duration": 0.0,
        "Ease": "",
        "Delay": 0.0
      },
      {
        "Scale": 1.0,
        "Alpha": 1.0,
        "Position": {
          "X": 0.0,
          "Y": 0.0
        },
        "Mirror": false,
        "Duration": 300.0,
        "Ease": "Quad.easeOut",
        "Delay": 250.0
      },
      {
        "Scale": 1.0,
        "Alpha": 1.0,
        "Position": {
          "X": -90.0,
          "Y": 0.0
        },
        "Mirror": true,
        "Duration": 400.0,
        "Ease": "Quad.easeIn",
        "Delay": 4000.0
      }
    ]
  },
  "InfoPage": {
    "Position": {
      "X": 0.0,
      "Y": 135.0
    },
    "Title": {
      "Enabled": true,
      "Position": {
        "Gold": {
          "X": 150.0,
          "Y": 15.0
        },
        "XP": {
          "X": 150.0,
          "Y": 15.0
        },
        "CSPM": {
          "X": 150.0,
          "Y": 15.0
        }
      },
      "Font": {
        "Style": "Normal",
        "Name": "News Cycle",
        "Size": "26px",
        "Align": "center",
        "Color": "rgb(255,255,255)"
      }
    },
    "TitleHeight": 45.0,
    "TabConfig": {
      "TabSize": {
        "X": 300.0,
        "Y": 55.0
      },
      "UseTeamColorsText": false,
      "OrderColor": "rgb(255,255,255)",
      "ChaosColor": "rgb(255,255,255)",
      "ChampIcon": {
        "Enabled": true,
        "Position": {
          "Gold": {
            "X": 4.0,
            "Y": 8.0
          },
          "XP": {
            "X": 4.0,
            "Y": 8.0
          },
          "CSPM": {
            "X": 4.0,
            "Y": 8.0
          }
        },
        "Size": {
          "X": 42.0,
          "Y": 42.0
        }
      },
      "Separator": {
        "Enabled": true,
        "Position": {
          "Gold": {
            "X": 0.0,
            "Y": 0.0
          },
          "XP": {
            "X": 0.0,
            "Y": 0.0
          },
          "CSPM": {
            "X": 0.0,
            "Y": 0.0
          }
        },
        "Size": {
          "X": 300.0,
          "Y": 2.0
        }
      },
      "PlayerName": {
        "Enabled": true,
        "Position": {
          "Gold": {
            "X": 54.0,
            "Y": 6.0
          },
          "XP": {
            "X": 54.0,
            "Y": 6.0
          },
          "CSPM": {
            "X": 54.0,
            "Y": 6.0
          }
        },
        "Font": {
          "Style": "Normal",
          "Name": "News Cycle",
          "Size": "15px",
          "Align": "left",
          "Color": "rgb(255,255,255)"
        }
      },
      "MinValue": {
        "Enabled": true,
        "Position": {
          "Gold": {
            "X": 54.0,
            "Y": 22.0
          },
          "XP": {
            "X": 54.0,
            "Y": 22.0
          },
          "CSPM": {
            "X": 54.0,
            "Y": 22.0
          }
        },
        "Font": {
          "Style": "Normal",
          "Name": "News Cycle",
          "Size": "15px",
          "Align": "left",
          "Color": "rgb(255,255,255)"
        }
      },
      "CurrentValue": {
        "Enabled": true,
        "Position": {
          "Gold": {
            "X": 270.0,
            "Y": 15.0
          },
          "XP": {
            "X": 280.0,
            "Y": 15.0
          },
          "CSPM": {
            "X": 280.0,
            "Y": 15.0
          }
        },
        "Font": {
          "Style": "Normal",
          "Name": "News Cycle",
          "Size": "25px",
          "Align": "center",
          "Color": "rgb(255,255,255)"
        }
      },
      "MaxValue": {
        "Enabled": true,
        "Position": {
          "Gold": {
            "X": 230.0,
            "Y": 22.0
          },
          "XP": {
            "X": 260.0,
            "Y": 22.0
          },
          "CSPM": {
            "X": 260.0,
            "Y": 22.0
          }
        },
        "Font": {
          "Style": "Normal",
          "Name": "News Cycle",
          "Size": "15px",
          "Align": "right",
          "Color": "rgb(255,255,255)"
        }
      },
      "ProgressBar": {
        "Enabled": true,
        "Position": {
          "Gold": {
            "X": 52.0,
            "Y": 40.0
          },
          "XP": {
            "X": 52.0,
            "Y": 40.0
          },
          "CSPM": {
            "X": 52.0,
            "Y": 40.0
          }
        },
        "Size": {
          "Gold": {
            "X": 180.0,
            "Y": 10.0
          },
          "XP": {
            "X": 210.0,
            "Y": 10.0
          },
          "CSPM": {
            "X": 210.0,
            "Y": 10.0
          }
        },
        "UseTeamColors": true,
        "DefaultColor": "rgb(0,0,0)",
        "OrderColor": "rgb(222,40,70)",
        "ChaosColor": "rgb(0,151,196)",
        "Animate": true
      }
    },
    "Background": {
      "UseImage": false,
      "UseVideo": false,
      "UseAlpha": true,
      "FallbackColor": "rgb(19, 24, 63)",
      "Size": {
        "X": 300.0,
        "Y": 600.0
      }
    }
  },
  "GoldGraph": {
    "Position": {
      "X": 965.0,
      "Y": 845.0
    },
    "Size": {
      "X": 740.0,
      "Y": 235.0
    },
    "Background": {
      "UseImage": true,
      "UseVideo": false,
      "UseAlpha": true,
      "FallbackColor": "rgba(0,0,0,0)"
    },
    "Title": {
      "Enabled": true,
      "Position": {
        "X": 0.0,
        "Y": 10.0
      },
      "Font": {
        "Style": "Bold",
        "Name": "News Cycle",
        "Size": "22px",
        "Align": "left",
        "Color": "rgb(230,190,138)"
      },
      "Text": "GOLD DIFFERENCE SINCE START"
    },
    "Graph": {
      "Position": {
        "X": 5.0,
        "Y": 40.0
      },
      "Size": {
        "X": 710.0,
        "Y": 190.0
      },
      "ShowVerticalGrid": true,
      "ShowHorizontalGrid": true,
      "LineTension": 0.05,
      "GridColor": "rgba(255,255,255, 0.3)",
      "GridEdgeColor": "rgba(255,255,255, 0.4)",
      "BorderUseTeamColors": true,
      "BorderOrderColor": "rgb(0,0,0)",
      "BorderChaosColor": "rgb(0,0,0)",
      "FillUseTeamColors": true,
      "FillOrderColor": "rgb(0,0,0)",
      "FillChaosColor": "rgb(0,0,0)",
      "InfoFont": {
        "Style": "UNUSED",
        "Name": "News Cycle",
        "Size": "UNUSED",
        "Align": "UNUSED",
        "Color": "rgb(230,190,138)"
      },
      "TimeStepSize": 30,
      "ShowTimeStepIndicators": true
    }
  },
  "BaronTimer": {
    "Position": {
      "X": 1800.0,
      "Y": 55.0
    },
    "MaskPosition": {
      "X": 1750.0,
      "Y": 20.0
    },
    "MaskSize": {
      "X": 150.0,
      "Y": 70.0
    },
    "Scale": 0.8,
    "Align": "right",
    "ShowGoldDiff": true,
    "ShowTimer": true,
    "ObjectiveIcon": true,
    "Animate": true,
    "IconPosition": {
      "X": 0.0,
      "Y": 0.0
    },
    "GoldPosition": {
      "X": 25.0,
      "Y": -25.0
    },
    "GoldIconPosition": {
      "X": -7.0,
      "Y": -25.0
    },
    "GoldFont": {
      "Style": "Bold",
      "Name": "News Cycle",
      "Size": "22px",
      "Align": "right",
      "Color": "rgb(230,190,138)"
    },
    "TimePosition": {
      "X": 25.0,
      "Y": 0.0
    },
    "TimeIconPosition": {
      "X": -10.0,
      "Y": 0.0
    },
    "TimeFont": {
      "Style": "Bold",
      "Name": "News Cycle",
      "Size": "22px",
      "Align": "right",
      "Color": "rgb(230,190,138)"
    }
  },
  "ElderTimer": {
    "Position": {
      "X": 120.0,
      "Y": 55.0
    },
    "MaskPosition": {
      "X": 50.0,
      "Y": 20.0
    },
    "MaskSize": {
      "X": 150.0,
      "Y": 70.0
    },
    "Scale": 0.8,
    "Align": "left",
    "ShowGoldDiff": true,
    "ShowTimer": true,
    "ObjectiveIcon": true,
    "Animate": true,
    "IconPosition": {
      "X": 40.0,
      "Y": 0.0
    },
    "GoldPosition": {
      "X": 18.0,
      "Y": -25.0
    },
    "GoldIconPosition": {
      "X": 22.0,
      "Y": -25.0
    },
    "GoldFont": {
      "Style": "Bold",
      "Name": "News Cycle",
      "Size": "22px",
      "Align": "left",
      "Color": "rgb(230,190,138)"
    },
    "TimePosition": {
      "X": 800.0,
      "Y": 40.0
    },
    "TimeIconPosition": {
      "X": 20.0,
      "Y": -2.0
    },
    "TimeFont": {
      "Style": "Bold",
      "Name": "News Cycle",
      "Size": "22px",
      "Align": "left",
      "Color": "rgb(230,190,138)"
    }
  },
  "GoogleFonts": [
    "News Cycle",
    "News Cycle:bold",
    "Droid Sans"
  ],
  "FileVersion": "2.2"
}
[22-29-00] Config Ingame loaded
[22-29-00] Found Component.json. Reading values
[22-29-00] {
  "DataDragon": {
    "MinimumGoldCost": 2000,
    "Region": "euw",
    "Locale": "en_US",
    "CDN": "https://ddragon.leagueoflegends.com/cdn",
    "Patch": "latest"
  },
  "PickBan": {
    "IsActive": true,
    "UseDelay": false,
    "DelayValue": 300,
    "DefaultBlueColor": "rgb(66, 133, 244)",
    "DefaultRedColor": "rgb(234, 67, 53)"
  },
  "Ingame": {
    "IsActive": true,
    "UseLiveEvents": true,
    "DoLevelUp": true,
    "DoItemCompleted": true,
    "SeriesGameCount": 3,
    "Objectives": {
      "DoBaronKill": true,
      "DoDragonKill": true,
      "DoInhibitors": false,
      "DoObjectiveSpawnPopUp": false,
      "DoObjectiveKillPopUp": false
    },
    "Teams": {
      "DoTeamNames": true,
      "DoTeamIcons": false,
      "DoTeamScores": false
    },
    "UseCustomScoreboard": true
  },
  "Replay": {
    "IsActive": true,
    "UseAutoInitUI": true
  },
  "PostGame": {
    "IsActive": false
  },
  "App": {
    "LogLevel": 2,
    "CheckForUpdates": true,
    "UpdateRepositoryUrl": "https://github.com/floh22/LeagueBroadcast",
    "UpdateRepositoryName": "floh22/LeagueBroadcast",
    "LeagueInstall": [
      "C:\\",
      "D:\\",
      "E:\\",
      "F:\\",
      "C:\\Program Files",
      "C:\\Program Files (x86)"
    ],
    "CheckForOffsets": true,
    "OffsetRepository": "https://raw.githubusercontent.com/floh22/LeagueBroadcast/v2/Offsets/",
    "OffsetPrefix": "Offsets-"
  },
  "FileVersion": "1.3"
}
[22-29-00] Config Component loaded
[22-29-00] Loading config watchers
[22-29-00] Watching PickBan.json for changes
[22-29-00] Watching Component.json for changes
[22-29-00] Watching Ingame.json for changes
[22-29-00] Log Level set to Info
[22-29-00] League Broadcast Version 1.4.65
[22-29-00] [Update] Checking for Updates
[22-29-01] [Update] Latest release version v1.4.65 vs. current version 1.4.65
[22-29-01] [Update] Local version up to date
[22-29-01] Using current Version
[22-29-01] Early Init Complete in 1010.4351ms
[22-29-01] DataDragon Provider Init
[22-29-01] Getting latest versions from dataDragon
[22-29-01] Retrieving latest patch info
[22-29-01] Champion: 11.16.1, Item: 11.16.1, CDN: https://ddragon.leagueoflegends.com/cdn
[22-29-02] Loaded 156 champions
[22-29-02] Loaded 15 summoner spells
[22-29-02] Detected 199 items
[22-29-02] Loaded 94 full items
[22-29-02] Checking Local Cache
[22-29-02] Cache C:\Users\Gamer\Documents\XLNC\LeagueBroadcast-1.4.65 XLNC Edition/Cache/11.16.1 exists already
[22-29-02] DDragon loaded
[22-29-02] Loading PickBan Controller
[22-29-02] Loading Ingame Controller
[22-29-02] Checking League install for LiveEventsAPI
[22-29-02] Found League install location
[22-29-02] LiveEvents API found in Game config
[22-29-02] [WARNING] Could not parse game config. Replay API may not be enabled!
[22-29-02] Verifying LiveEvents list
[22-29-03] Loading Replay Controller
[22-29-03] Loading Farsight
[22-29-03] Farsight loaded. Found 156 Champ names
[22-29-03] Loading Frontend Webserver (HTTP/WS)
[22-29-03] Server file system starting
[22-29-03] WebServer New State - Loading
[22-29-03] WebServer New State - Listening
[22-29-03] WebServer running on http://*:9001/
[22-29-03] Whats that ticking noise?
[22-29-03] Init Complete in 2.121s
[22-29-03] Opening main window
[22-29-03] Connection State Changed
[22-29-03] New Client Mo27DwoIYEe3sHYdYrfjhw connected from http://localhost:9001
[22-29-03] Loading State Controller
[22-29-03] Connecting to League Client
[22-29-03] PickBan Enabled
[22-29-03] Ingame Enabled
[22-29-03] Using direct PickBan
[22-29-03] Starting LeagueBroadcast with tickrate of 2tps
[22-29-03] Checking for running Game
[22-29-03] Target process (League of Legends) detected.
[22-29-03] Init Game State
[22-29-03] Game State reset
[22-29-03] Connection State Changed
[22-29-03] Post Init Complete in 345.8851ms
[22-29-03] Total Startup time: 3.478s
[22-29-03] Connected to League Client in 101 ms
[22-29-03] Local Client Version 11.16.1
[22-29-03] Loading offsets for current patch
[22-29-03] Found Farsight.json. Reading values
[22-29-03] Config Farsight loaded
[22-29-03] Watching Farsight.json for changes
[22-29-03] Using offsets 11.16.1
[22-29-04] Game Loaded
[22-29-04] Game Paused
[22-29-04] LiveEventAPI Connected
[22-29-04] Game Resumed
[22-29-04] Init Team data
[22-29-05] Init UI
[22-29-05] [WARNING] Received invalid response from replay API. Is it enabled?
[22-29-07] Client Mo27DwoIYEe3sHYdYrfjhw disconnected
[22-29-07] New Client uJosecUIrEGASldFy5Duyw connected from http://localhost:9001
[22-29-08] Player 3 finished Item 6693
[22-29-09] Player 5 finished Item 6632
[22-29-47] Player 6 finished Item 3153
[22-29-47] Ingame.json change detected
[22-29-48] Found Ingame.json. Reading values
[22-29-48] Config Ingame loaded
[22-29-50] Ocean spawned
[22-30-13] Player 7 finished Item 3157
[22-30-22] Ingame.json change detected
[22-30-23] Found Ingame.json. Reading values
[22-30-23] Config Ingame loaded
[22-30-26] Ocean killed by CHAOS
[22-30-36] Player 9 finished Item 3853
[22-30-40] Player 7 lvl up
[22-30-49] Player 5 lvl up
[22-30-55] Ingame.json change detected
[22-30-56] Found Ingame.json. Reading values
[22-30-56] Config Ingame loaded
[22-30-58] Client uJosecUIrEGASldFy5Duyw disconnected
[22-30-58] New Client rZbCU+wSwk2xUB8YtqDRrg connected from http://localhost:9001
[22-31-03] Scrolled back in timeline, reverting state
[22-31-03] 840.5488891601562
[22-31-03] Rolling back Players
[22-31-03] Rolling back Objectives
[22-31-04] Player 5 lvl up
[22-31-05] Scrolled back in timeline, reverting state
[22-31-05] 843.3343505859375
[22-31-05] Rolling back Players
[22-31-05] Rolling back Objectives
[22-31-06] Player 5 lvl up
[22-31-07] Scrolled back in timeline, reverting state
[22-31-07] 840.55908203125
[22-31-07] Rolling back Players
[22-31-07] Rolling back Objectives
[22-31-07] Player 5 lvl up
[22-31-09] Scrolled back in timeline, reverting state
[22-31-09] 786.608642578125
[22-31-09] Rolling back Players
[22-31-09] Rolling back Objectives
[22-31-09] Player 9 finished Item 3851
[22-31-10] Ocean spawned
[22-31-10] Player 6 finished Item 3153
[22-31-10] Player 7 finished Item 3157
[22-31-16] Ocean killed by CHAOS
[22-31-27] Player 9 finished Item 3853
[22-31-31] Player 7 lvl up
[22-31-40] Player 5 lvl up
[22-31-51] Ingame.json change detected
[22-31-51] Found Ingame.json. Reading values
[22-31-51] Config Ingame loaded
[22-31-54] Client rZbCU+wSwk2xUB8YtqDRrg disconnected
[22-31-55] New Client nJ8SjDOd7ESY3CthER2GHw connected from http://localhost:9001
[22-32-00] Scrolled back in timeline, reverting state
[22-32-00] 780.5097045898438
[22-32-00] Rolling back Players
[22-32-00] Rolling back Objectives
[22-32-00] Player 9 finished Item 3851
[22-32-00] Ocean spawned
[22-32-00] Player 6 finished Item 3153
[22-32-01] Player 7 finished Item 3157
[22-32-09] Ocean killed by CHAOS
[22-32-16] Game Paused
[22-32-47] Ingame.json change detected
[22-32-48] Found Ingame.json. Reading values
[22-32-48] Config Ingame loaded
[22-32-49] Client nJ8SjDOd7ESY3CthER2GHw disconnected
[22-32-49] New Client 6xgcEY/Rq0Snxf6tjtCUpw connected from http://localhost:9001
[22-32-53] Game Resumed
[22-32-53] Scrolled back in timeline, reverting state
[22-32-53] 480.89263916015625
[22-32-53] Rolling back Players
[22-32-53] Rolling back Objectives
[22-32-53] Elder dragon ended. Resetting baron status for all players
[22-32-53] Baron ended. Resetting baron status for all players
[22-32-53] Cloud spawned
[22-32-53] Herald spawned
[22-32-54] Game Paused
[22-32-57] Game Resumed
[22-33-03] Cloud killed by CHAOS
[22-33-10] Player 8 lvl up
[22-33-11] Player 2 finished Item 3004
[22-33-11] Player 3 finished Item 6693
[22-33-11] Player 4 lvl up
[22-33-11] Player 4 finished Item 3859
[22-33-11] Player 5 finished Item 6632
[22-33-11] Player 8 finished Item 6691
[22-33-11] Player 9 lvl up
[22-33-11] Ocean spawned
[22-33-11] Player 6 finished Item 3153
[22-33-12] Player 7 finished Item 3157
[22-33-21] Ocean killed by CHAOS
[22-33-31] Player 9 finished Item 3853
[22-33-35] Game Paused
[22-33-46] Ingame.json change detected
[22-33-46] Found Ingame.json. Reading values
[22-33-46] Config Ingame loaded
[22-33-49] Client 6xgcEY/Rq0Snxf6tjtCUpw disconnected
[22-33-49] New Client 83Dj9klrFUGKi0SxutNWpQ connected from http://localhost:9001
[22-33-54] Game Resumed
[22-33-54] Scrolled back in timeline, reverting state
[22-33-54] 424.1398010253906
[22-33-54] Rolling back Players
[22-33-54] Rolling back Objectives
[22-33-54] Elder dragon ended. Resetting baron status for all players
[22-33-54] Baron ended. Resetting baron status for all players
[22-33-54] Cloud spawned
[22-33-55] Player 2 lvl up
[22-33-55] Player 6 lvl up
[22-33-56] Herald spawned
[22-33-56] Player 1 lvl up
[22-33-56] Player 9 finished Item 3851
[22-33-56] Game Paused
[22-33-58] Game Resumed
[22-33-59] Scrolled back in timeline, reverting state
[22-33-59] 481.0289001464844
[22-33-59] Rolling back Players
[22-33-59] Rolling back Objectives
[22-34-12] Cloud killed by CHAOS
[22-34-19] Player 8 lvl up
[22-34-42] Ingame.json change detected
[22-34-43] Found Ingame.json. Reading values
[22-34-43] Config Ingame loaded
[22-34-45] Client 83Dj9klrFUGKi0SxutNWpQ disconnected
[22-34-45] New Client X9F05FqEGE+iB8kkPPEBKQ connected from http://localhost:9001
[22-34-48] Scrolled back in timeline, reverting state
[22-34-48] 480.3819274902344
[22-34-48] Rolling back Players
[22-34-48] Rolling back Objectives
[22-34-48] Cloud spawned
[22-35-02] Cloud killed by CHAOS
[22-35-08] Player 2 finished Item 3004
[22-35-08] Player 3 finished Item 6693
[22-35-08] Player 4 lvl up
[22-35-08] Player 4 finished Item 3859
[22-35-08] Player 5 finished Item 6632
[22-35-08] Player 8 lvl up
[22-35-08] Player 8 finished Item 6691
[22-35-08] Player 9 lvl up
[22-35-08] Ocean spawned
[22-35-08] Player 6 finished Item 3153
[22-35-09] Player 7 finished Item 3157
[22-35-17] Ocean killed by CHAOS
[22-35-27] Herald spawned
[22-35-27] Player 0 lvl up
[22-35-27] Player 0 finished Item 6632
[22-35-27] Player 1 lvl up
[22-35-27] Player 1 finished Item 4636
[22-35-27] Player 2 lvl up
[22-35-27] Player 3 lvl up
[22-35-27] Player 3 finished Item 3142
[22-35-27] Player 4 finished Item 2065
[22-35-27] Player 5 lvl up
[22-35-27] Player 5 finished Item 3742
[22-35-27] Player 6 lvl up
[22-35-27] Player 6 finished Item 6662
[22-35-27] Player 7 lvl up
[22-35-27] Player 9 finished Item 3853
[22-35-27] Player 9 finished Item 4005
[22-35-27] Herald killed by ORDER
[22-35-27] Player 1 finished Item 3157
[22-35-28] Fire spawned
[22-35-35] Fire killed by ORDER
[22-35-39] Game Paused
[22-36-43] Ingame.json change detected
[22-36-44] Found Ingame.json. Reading values
[22-36-44] Config Ingame loaded
[22-36-46] Client X9F05FqEGE+iB8kkPPEBKQ disconnected
[22-36-46] New Client HcFRJmgRwUiUgeuq5p8etA connected from http://localhost:9001
[22-36-54] Game Resumed
[22-36-57] Scrolled back in timeline, reverting state
[22-36-57] 1080.4024658203125
[22-36-57] Rolling back Players
[22-36-57] Rolling back Objectives
[22-36-57] [WARNING] Camille not found in memory snapshot. Values will be incorrect!
[22-36-57] [WARNING] Sequence contains no matching element
[22-36-57] Herald spawned
[22-36-57] Player 3 finished Item 3142
[22-36-57] Player 6 finished Item 6662
[22-36-57] Herald killed by ORDER
[22-36-58] Player 1 finished Item 3157
[22-36-59] Fire spawned
[22-37-07] Fire killed by ORDER
[22-37-28] Player 7 finished Item 6656
[22-37-36] Saving all configs to file
[22-37-36] Writing PickBan config to file
[22-37-36] Updated PickBan config file
[22-37-36] Writing Component config to file
[22-37-36] Updated Component config file
[22-37-36] Writing Farsight config to file
[22-37-36] Updated Farsight config file
[22-37-36] Writing Ingame config to file
[22-37-36] Updated Ingame config file
[22-37-36] Configs saved
