[22-39-29] Logging Init
[22-39-29] Starting Config Controller
[22-39-29] Config Provider started
[22-39-29] Looking for config files at /Config
[22-39-29] Found PickBan.json. Reading values
[22-39-29] {
  "frontend": {
    "scoreEnabled": true,
    "spellsEnabled": true,
    "coachesEnabled": false,
    "blueTeam": {
      "name": "AOE Randoms",
      "nameTag": "BIG CHONKS",
      "score": 0,
      "coach": "G2 Grabz",
      "color": "rgb(66,133,244)"
    },
    "redTeam": {
      "name": "LOTUS",
      "nameTag": "LOTUS",
      "score": 0,
      "coach": "G2 Grabz",
      "color": "rgb(234,67,53)"
    },
    "patch": "11.16.1"
  },
  "FileVersion": "1.0"
}
[22-39-29] Config PickBan loaded
[22-39-29] Found Ingame.json. Reading values
[22-39-29] {
  "Inhib": {
    "Position": {
      "X": 0.0,
      "Y": 845.0
    },
    "Size": {
      "X": 306.0,
      "Y": 118.0
    },
    "UseBackgroundImage": true,
    "UseBackgroundVideo": false,
    "Color": "rgba(19,24,63,255)",
    "Font": {
      "Style": "Normal",
      "Name": "News Cycle",
      "Size": "15px",
      "Align": "right",
      "Color": "rgb(255,255,255)"
    },
    "IconSize": 40.0,
    "HideWhenNoneDestroyed": true,
    "UseTeamColors": true,
    "BlueTeam": {
      "Position": {
        "X": 40.0,
        "Y": 20.0
      },
      "LaneOffset": {
        "X": 100.0,
        "Y": 0.0
      },
      "UseTeamColor": true,
      "Color": "rgb(0,0,0)",
      "IconOffset": {
        "X": 10.0,
        "Y": -24.0
      }
    },
    "RedTeam": {
      "Position": {
        "X": 40.0,
        "Y": 80.0
      },
      "LaneOffset": {
        "X": 100.0,
        "Y": 0.0
      },
      "UseTeamColor": true,
      "Color": "rgb(255,255,255)",
      "IconOffset": {
        "X": 10.0,
        "Y": -24.0
      }
    },
    "LaneOrder": [
      "bot",
      "mid",
      "top"
    ]
  },
  "Score": {
    "Position": {
      "X": 960.0,
      "Y": 0.0
    },
    "Size": {
      "X": 770.0,
      "Y": 92.0
    },
    "TimeFont": {
      "Style": "Bold",
      "Name": "Myriad Pro",
      "Size": "44px",
      "Align": "center",
      "Color": "rgb(255,255,255)"
    },
    "TimePosition": {
      "X": 520.5,
      "Y": 56.0
    },
    "BlueTeam": {
      "Kills": {
        "Position": {
          "X": -85.0,
          "Y": 24.0
        },
        "Font": {
          "Style": "Bold",
          "Name": "Myriad Pro",
          "Size": "60px",
          "Align": "center",
          "Color": "rgb(255,255,255)"
        },
        "Icon": {
          "Name": "KillsIcon",
          "Size": {
            "X": 100.0,
            "Y": 100.0
          },
          "Offset": {
            "X": 0.0,
            "Y": 0.0
          }
        }
      },
      "Towers": {
        "Position": {
          "X": -290.0,
          "Y": 61.5
        },
        "Font": {
          "Style": "Bold",
          "Name": "Myriad Pro",
          "Size": "16px",
          "Align": "center",
          "Color": "rgb(255,255,255)"
        },
        "Icon": {
          "Name": "TowerIcon",
          "Size": {
            "X": 25.0,
            "Y": 30.0
          },
          "Offset": {
            "X": -3000.0,
            "Y": 13.0
          }
        }
      },
      "Gold": {
        "Position": {
          "X": -366.0,
          "Y": 61.5
        },
        "Font": {
          "Style": "Bold",
          "Name": "Myriad Pro",
          "Size": "16px",
          "Align": "center",
          "Color": "rgb(255,255,255)"
        },
        "Icon": {
          "Name": "GoldIcon",
          "Size": {
            "X": 40.0,
            "Y": 30.0
          },
          "Offset": {
            "X": -3500.0,
            "Y": 10.0
          }
        }
      },
      "Drakes": {
        "Position": {
          "X": -100.0,
          "Y": 95.0
        },
        "Offset": {
          "X": -12.0,
          "Y": 0.0
        }
      },
      "Name": {
        "UseTag": false,
        "Position": {
          "X": -172.0,
          "Y": 32.0
        },
        "AdaptiveFontSize": false,
        "MaxSize": {
          "X": 600.0,
          "Y": 600.0
        },
        "Font": {
          "Style": "Bold",
          "Name": "Myriad Pro",
          "Size": "28px",
          "Align": "right",
          "Color": "rgb(255,255,255)"
        }
      },
      "Icon": {
        "Position": {
          "X": -21.0,
          "Y": 30.0
        },
        "Size": {
          "X": 60.0,
          "Y": 60.0
        },
        "UseBackground": true,
        "BackgroundOffset": {
          "X": -10.0,
          "Y": 0.0
        }
      },
      "Score": {
        "Position": {
          "X": -380.0,
          "Y": 70.0
        },
        "NumberFont": {
          "Style": "Normal",
          "Name": "News Cycle",
          "Size": "15px",
          "Align": "right",
          "Color": "rgb(255,255,255)"
        },
        "UseCircleIcons": false,
        "CircleOffset": {
          "X": 25.0,
          "Y": 0.0
        },
        "CircleRadius": 10.0,
        "UseTeamColor": false,
        "StrokeColor": "rgb(255,255,255)",
        "FillColor": "rgb(255,255,255)"
      }
    },
    "RedTeam": {
      "Kills": {
        "Position": {
          "X": 375.0,
          "Y": 24.0
        },
        "Font": {
          "Style": "Bold",
          "Name": "Myriad Pro",
          "Size": "60px",
          "Align": "center",
          "Color": "rgb(255,255,255)"
        },
        "Icon": {
          "Name": "KillsIcon",
          "Size": {
            "X": 100.0,
            "Y": 100.0
          },
          "Offset": {
            "X": 0.0,
            "Y": 0.0
          }
        }
      },
      "Towers": {
        "Position": {
          "X": 170.0,
          "Y": 61.5
        },
        "Font": {
          "Style": "Bold",
          "Name": "Myriad Pro",
          "Size": "16px",
          "Align": "center",
          "Color": "rgb(255,255,255)"
        },
        "Icon": {
          "Name": "TowerIcon",
          "Size": {
            "X": -25.0,
            "Y": 30.0
          },
          "Offset": {
            "X": -1005.0,
            "Y": 13.0
          }
        }
      },
      "Gold": {
        "Position": {
          "X": 94.0,
          "Y": 61.5
        },
        "Font": {
          "Style": "Bold",
          "Name": "Myriad Pro",
          "Size": "16px",
          "Align": "center",
          "Color": "rgb(255,255,255)"
        },
        "Icon": {
          "Name": "GoldIcon",
          "Size": {
            "X": 40.0,
            "Y": 30.0
          },
          "Offset": {
            "X": -3500.0,
            "Y": 10.0
          }
        }
      },
      "Drakes": {
        "Position": {
          "X": 15.0,
          "Y": 95.0
        },
        "Offset": {
          "X": 12.0,
          "Y": 0.0
        }
      },
      "Name": {
        "UseTag": false,
        "Position": {
          "X": 290.0,
          "Y": 32.0
        },
        "AdaptiveFontSize": false,
        "MaxSize": {
          "X": 100.0,
          "Y": 50.0
        },
        "Font": {
          "Style": "Bold",
          "Name": "Myriad Pro",
          "Size": "28px",
          "Align": "right",
          "Color": "rgb(255,255,255)"
        }
      },
      "Icon": {
        "Position": {
          "X": 430.0,
          "Y": 30.0
        },
        "Size": {
          "X": 60.0,
          "Y": 60.0
        },
        "UseBackground": false,
        "BackgroundOffset": {
          "X": 10.0,
          "Y": 0.0
        }
      },
      "Score": {
        "Position": {
          "X": 380.0,
          "Y": 70.0
        },
        "NumberFont": {
          "Style": "Normal",
          "Name": "News Cycle",
          "Size": "15px",
          "Align": "left",
          "Color": "rgb(255,255,255)"
        },
        "UseCircleIcons": true,
        "CircleOffset": {
          "X": -25.0,
          "Y": 0.0
        },
        "CircleRadius": 10.0,
        "UseTeamColor": true,
        "StrokeColor": "rgb(255,255,255)",
        "FillColor": "rgb(255,255,255)"
      }
    },
    "Background": {
      "UseImage": true,
      "UseVideo": false,
      "UseAlpha": true,
      "FallbackColor": "rgba(0,0,0,0)"
    },
    "Misc": {
      "Animation": "Simple",
      "ShowCenterIcon": true,
      "CenterIconPosition": {
        "X": 0.0,
        "Y": 30.0
      },
      "CenterIconSize": {
        "X": 40.0,
        "Y": 40.0
      },
      "DrakeIconSize": {
        "X": 15.0,
        "Y": 15.0
      }
    }
  },
  "ObjectiveKill": {
    "ShowTeamIcon": false,
    "SoulPointScoreboardPopUp": {
      "Enabled": true,
      "UseImage": true,
      "UseVideo": false,
      "UseAlpha": true,
      "ForceDisplayDurationForVideo": true,
      "DisplayDuration": 2000.0,
      "AnimationDuration": 1000.0
    },
    "ElderKillScoreboardPopUp": {
      "Enabled": true,
      "UseImage": true,
      "UseVideo": false,
      "UseAlpha": true,
      "ForceDisplayDurationForVideo": true,
      "DisplayDuration": 2000.0,
      "AnimationDuration": 1000.0
    },
    "DragonKillScoreboardPopUp": {
      "Enabled": true,
      "UseImage": true,
      "UseVideo": false,
      "UseAlpha": true,
      "ForceDisplayDurationForVideo": true,
      "DisplayDuration": 2000.0,
      "AnimationDuration": 1000.0
    },
    "BaronKillScoreboardPopUp": {
      "Enabled": false,
      "UseImage": true,
      "UseVideo": false,
      "UseAlpha": true,
      "ForceDisplayDurationForVideo": true,
      "DisplayDuration": 2000.0,
      "AnimationDuration": 1000.0
    },
    "HeraldKillScoreboardPopUp": {
      "Enabled": true,
      "UseImage": true,
      "UseVideo": false,
      "UseAlpha": true,
      "ForceDisplayDurationForVideo": true,
      "DisplayDuration": 2000.0,
      "AnimationDuration": 1000.0
    }
  },
  "ObjectiveSpawn": {
    "BaronSpawnScoreboardPopUp": {
      "Enabled": true,
      "UseImage": true,
      "UseVideo": false,
      "UseAlpha": true,
      "ForceDisplayDurationForVideo": false,
      "DisplayDuration": 2000.0,
      "AnimationDuration": 1000.0
    },
    "DrakeSpawnScoreboardPopUp": {
      "Enabled": true,
      "UseImage": true,
      "UseVideo": false,
      "UseAlpha": true,
      "ForceDisplayDurationForVideo": false,
      "DisplayDuration": 2000.0,
      "AnimationDuration": 1000.0
    },
    "HeraldSpawnScoreboardPopUp": {
      "Enabled": true,
      "UseImage": true,
      "UseVideo": false,
      "UseAlpha": true,
      "ForceDisplayDurationForVideo": false,
      "DisplayDuration": 2000.0,
      "AnimationDuration": 1000.0
    }
  },
  "ItemComplete": {
    "UseCustomVideo": false,
    "ShowItemName": true,
    "ShowOnScoreboard": false,
    "ShowOnChampionIndicator": true,
    "InfoText": {
      "Style": "Normal",
      "Name": "News Cycle",
      "Size": "20px",
      "Align": "center",
      "Color": "rgb(255,255,255)"
    },
    "ItemAnimationStates": [
      {
        "Scale": 0.0,
        "Alpha": 0.0,
        "Position": {
          "X": 0.0,
          "Y": 0.0
        },
        "Mirror": false,
        "Duration": 0.0,
        "Ease": "",
        "Delay": 0.0
      },
      {
        "Scale": 1.0,
        "Alpha": 1.0,
        "Position": {
          "X": 0.0,
          "Y": 0.0
        },
        "Mirror": false,
        "Duration": 400.0,
        "Ease": "Quad.easeIn",
        "Delay": 0.0
      },
      {
        "Scale": 1.1,
        "Alpha": 1.0,
        "Position": {
          "X": 0.0,
          "Y": 0.0
        },
        "Mirror": false,
        "Duration": 3200.0,
        "Ease": "Linear",
        "Delay": 0.0
      },
      {
        "Scale": 2.5,
        "Alpha": 0.0,
        "Position": {
          "X": 0.0,
          "Y": 0.0
        },
        "Mirror": false,
        "Duration": 400.0,
        "Ease": "Quad.easeOut",
        "Delay": 0.0
      }
    ],
    "InfoTextAnimationStates": [
      {
        "Scale": 1.0,
        "Alpha": 0.0,
        "Position": {
          "X": 55.0,
          "Y": 0.0
        },
        "Mirror": true,
        "Duration": 0.0,
        "Ease": "",
        "Delay": 0.0
      },
      {
        "Scale": 1.0,
        "Alpha": 1.0,
        "Position": {
          "X": 55.0,
          "Y": 0.0
        },
        "Mirror": true,
        "Duration": 200.0,
        "Ease": "Quad.easeOut",
        "Delay": 1000.0
      },
      {
        "Scale": 1.0,
        "Alpha": 0.0,
        "Position": {
          "X": 55.0,
          "Y": 0.0
        },
        "Mirror": true,
        "Duration": 200.0,
        "Ease": "Quad.easeIn",
        "Delay": 1800.0
      }
    ],
    "InfoBackgroundAnimationStates": [
      {
        "Scale": 1.0,
        "Alpha": 1.0,
        "Position": {
          "X": 0.0,
          "Y": 80.0
        },
        "Mirror": false,
        "Duration": 0.0,
        "Ease": "",
        "Delay": 0.0
      },
      {
        "Scale": 1.0,
        "Alpha": 1.0,
        "Position": {
          "X": 0.0,
          "Y": 0.0
        },
        "Mirror": false,
        "Duration": 200.0,
        "Ease": "Quad.easeOut",
        "Delay": 800.0
      },
      {
        "Scale": 1.0,
        "Alpha": 1.0,
        "Position": {
          "X": 0.0,
          "Y": -80.0
        },
        "Mirror": false,
        "Duration": 200.0,
        "Ease": "Quad.easeIn",
        "Delay": 2200.0
      }
    ]
  },
  "LevelUp": {
    "UseCustomVideo": false,
    "ShowOnScoreboard": false,
    "ShowOnChampionIndicator": true,
    "LevelFont": {
      "Style": "Normal",
      "Name": "News Cycle",
      "Size": "60px",
      "Align": "center",
      "Color": "rgb(255,255,255)"
    },
    "UseTeamColors": true,
    "OrderColor": "rgb(0,0,255)",
    "ChaosColor": "rgb(255,0,0)",
    "NumberAnimationStates": [
      {
        "Scale": 1.0,
        "Alpha": 1.0,
        "Position": {
          "X": 0.0,
          "Y": 70.0
        },
        "Mirror": true,
        "Duration": 0.0,
        "Ease": "",
        "Delay": 0.0
      },
      {
        "Scale": 1.0,
        "Alpha": 1.0,
        "Position": {
          "X": 0.0,
          "Y": -30.0
        },
        "Mirror": true,
        "Duration": 300.0,
        "Ease": "Quad.easeOut",
        "Delay": 250.0
      },
      {
        "Scale": 1.0,
        "Alpha": 1.0,
        "Position": {
          "X": 0.0,
          "Y": -130.0
        },
        "Mirror": true,
        "Duration": 400.0,
        "Ease": "Quad.easeIn",
        "Delay": 3500.0
      }
    ],
    "BackgroundAnimationStates": [
      {
        "Scale": 1.0,
        "Alpha": 1.0,
        "Position": {
          "X": 0.0,
          "Y": 100.0
        },
        "Mirror": false,
        "Duration": 0.0,
        "Ease": "",
        "Delay": 0.0
      },
      {
        "Scale": 1.0,
        "Alpha": 1.0,
        "Position": {
          "X": 0.0,
          "Y": 0.0
        },
        "Mirror": false,
        "Duration": 300.0,
        "Ease": "Quad.easeOut",
        "Delay": 250.0
      },
      {
        "Scale": 1.0,
        "Alpha": 1.0,
        "Position": {
          "X": -90.0,
          "Y": 0.0
        },
        "Mirror": true,
        "Duration": 400.0,
        "Ease": "Quad.easeIn",
        "Delay": 4000.0
      }
    ]
  },
  "InfoPage": {
    "Position": {
      "X": 0.0,
      "Y": 135.0
    },
    "Title": {
      "Enabled": true,
      "Position": {
        "Gold": {
          "X": 150.0,
          "Y": 15.0
        },
        "XP": {
          "X": 150.0,
          "Y": 15.0
        },
        "CSPM": {
          "X": 150.0,
          "Y": 15.0
        }
      },
      "Font": {
        "Style": "Normal",
        "Name": "News Cycle",
        "Size": "26px",
        "Align": "center",
        "Color": "rgb(255,255,255)"
      }
    },
    "TitleHeight": 45.0,
    "TabConfig": {
      "TabSize": {
        "X": 300.0,
        "Y": 55.0
      },
      "UseTeamColorsText": false,
      "OrderColor": "rgb(255,255,255)",
      "ChaosColor": "rgb(255,255,255)",
      "ChampIcon": {
        "Enabled": true,
        "Position": {
          "Gold": {
            "X": 4.0,
            "Y": 8.0
          },
          "XP": {
            "X": 4.0,
            "Y": 8.0
          },
          "CSPM": {
            "X": 4.0,
            "Y": 8.0
          }
        },
        "Size": {
          "X": 42.0,
          "Y": 42.0
        }
      },
      "Separator": {
        "Enabled": true,
        "Position": {
          "Gold": {
            "X": 0.0,
            "Y": 0.0
          },
          "XP": {
            "X": 0.0,
            "Y": 0.0
          },
          "CSPM": {
            "X": 0.0,
            "Y": 0.0
          }
        },
        "Size": {
          "X": 300.0,
          "Y": 2.0
        }
      },
      "PlayerName": {
        "Enabled": true,
        "Position": {
          "Gold": {
            "X": 54.0,
            "Y": 6.0
          },
          "XP": {
            "X": 54.0,
            "Y": 6.0
          },
          "CSPM": {
            "X": 54.0,
            "Y": 6.0
          }
        },
        "Font": {
          "Style": "Normal",
          "Name": "News Cycle",
          "Size": "15px",
          "Align": "left",
          "Color": "rgb(255,255,255)"
        }
      },
      "MinValue": {
        "Enabled": true,
        "Position": {
          "Gold": {
            "X": 54.0,
            "Y": 22.0
          },
          "XP": {
            "X": 54.0,
            "Y": 22.0
          },
          "CSPM": {
            "X": 54.0,
            "Y": 22.0
          }
        },
        "Font": {
          "Style": "Normal",
          "Name": "News Cycle",
          "Size": "15px",
          "Align": "left",
          "Color": "rgb(255,255,255)"
        }
      },
      "CurrentValue": {
        "Enabled": true,
        "Position": {
          "Gold": {
            "X": 270.0,
            "Y": 15.0
          },
          "XP": {
            "X": 280.0,
            "Y": 15.0
          },
          "CSPM": {
            "X": 280.0,
            "Y": 15.0
          }
        },
        "Font": {
          "Style": "Normal",
          "Name": "News Cycle",
          "Size": "25px",
          "Align": "center",
          "Color": "rgb(255,255,255)"
        }
      },
      "MaxValue": {
        "Enabled": true,
        "Position": {
          "Gold": {
            "X": 230.0,
            "Y": 22.0
          },
          "XP": {
            "X": 260.0,
            "Y": 22.0
          },
          "CSPM": {
            "X": 260.0,
            "Y": 22.0
          }
        },
        "Font": {
          "Style": "Normal",
          "Name": "News Cycle",
          "Size": "15px",
          "Align": "right",
          "Color": "rgb(255,255,255)"
        }
      },
      "ProgressBar": {
        "Enabled": true,
        "Position": {
          "Gold": {
            "X": 52.0,
            "Y": 40.0
          },
          "XP": {
            "X": 52.0,
            "Y": 40.0
          },
          "CSPM": {
            "X": 52.0,
            "Y": 40.0
          }
        },
        "Size": {
          "Gold": {
            "X": 180.0,
            "Y": 10.0
          },
          "XP": {
            "X": 210.0,
            "Y": 10.0
          },
          "CSPM": {
            "X": 210.0,
            "Y": 10.0
          }
        },
        "UseTeamColors": true,
        "DefaultColor": "rgb(0,0,0)",
        "OrderColor": "rgb(222,40,70)",
        "ChaosColor": "rgb(0,151,196)",
        "Animate": true
      }
    },
    "Background": {
      "UseImage": false,
      "UseVideo": false,
      "UseAlpha": true,
      "FallbackColor": "rgb(19, 24, 63)",
      "Size": {
        "X": 300.0,
        "Y": 600.0
      }
    }
  },
  "GoldGraph": {
    "Position": {
      "X": 965.0,
      "Y": 845.0
    },
    "Size": {
      "X": 740.0,
      "Y": 235.0
    },
    "Background": {
      "UseImage": true,
      "UseVideo": false,
      "UseAlpha": true,
      "FallbackColor": "rgba(0,0,0,0)"
    },
    "Title": {
      "Enabled": true,
      "Position": {
        "X": 0.0,
        "Y": 10.0
      },
      "Font": {
        "Style": "Bold",
        "Name": "News Cycle",
        "Size": "22px",
        "Align": "left",
        "Color": "rgb(230,190,138)"
      },
      "Text": "GOLD DIFFERENCE SINCE START"
    },
    "Graph": {
      "Position": {
        "X": 5.0,
        "Y": 40.0
      },
      "Size": {
        "X": 710.0,
        "Y": 190.0
      },
      "ShowVerticalGrid": true,
      "ShowHorizontalGrid": true,
      "LineTension": 0.05,
      "GridColor": "rgba(255,255,255, 0.3)",
      "GridEdgeColor": "rgba(255,255,255, 0.4)",
      "BorderUseTeamColors": true,
      "BorderOrderColor": "rgb(0,0,0)",
      "BorderChaosColor": "rgb(0,0,0)",
      "FillUseTeamColors": true,
      "FillOrderColor": "rgb(0,0,0)",
      "FillChaosColor": "rgb(0,0,0)",
      "InfoFont": {
        "Style": "UNUSED",
        "Name": "News Cycle",
        "Size": "UNUSED",
        "Align": "UNUSED",
        "Color": "rgb(230,190,138)"
      },
      "TimeStepSize": 30,
      "ShowTimeStepIndicators": true
    }
  },
  "BaronTimer": {
    "Position": {
      "X": 1800.0,
      "Y": 55.0
    },
    "MaskPosition": {
      "X": 1750.0,
      "Y": 20.0
    },
    "MaskSize": {
      "X": 150.0,
      "Y": 70.0
    },
    "Scale": 0.8,
    "Align": "right",
    "ShowGoldDiff": true,
    "ShowTimer": true,
    "ObjectiveIcon": true,
    "Animate": true,
    "IconPosition": {
      "X": 0.0,
      "Y": 0.0
    },
    "GoldPosition": {
      "X": 25.0,
      "Y": -25.0
    },
    "GoldIconPosition": {
      "X": -7.0,
      "Y": -25.0
    },
    "GoldFont": {
      "Style": "Bold",
      "Name": "News Cycle",
      "Size": "22px",
      "Align": "right",
      "Color": "rgb(230,190,138)"
    },
    "TimePosition": {
      "X": 25.0,
      "Y": 0.0
    },
    "TimeIconPosition": {
      "X": -10.0,
      "Y": 0.0
    },
    "TimeFont": {
      "Style": "Bold",
      "Name": "News Cycle",
      "Size": "22px",
      "Align": "right",
      "Color": "rgb(230,190,138)"
    }
  },
  "ElderTimer": {
    "Position": {
      "X": 120.0,
      "Y": 55.0
    },
    "MaskPosition": {
      "X": 50.0,
      "Y": 20.0
    },
    "MaskSize": {
      "X": 150.0,
      "Y": 70.0
    },
    "Scale": 0.8,
    "Align": "left",
    "ShowGoldDiff": true,
    "ShowTimer": true,
    "ObjectiveIcon": true,
    "Animate": true,
    "IconPosition": {
      "X": 40.0,
      "Y": 0.0
    },
    "GoldPosition": {
      "X": 18.0,
      "Y": -25.0
    },
    "GoldIconPosition": {
      "X": 22.0,
      "Y": -25.0
    },
    "GoldFont": {
      "Style": "Bold",
      "Name": "News Cycle",
      "Size": "22px",
      "Align": "left",
      "Color": "rgb(230,190,138)"
    },
    "TimePosition": {
      "X": 800.0,
      "Y": 40.0
    },
    "TimeIconPosition": {
      "X": 20.0,
      "Y": -2.0
    },
    "TimeFont": {
      "Style": "Bold",
      "Name": "News Cycle",
      "Size": "22px",
      "Align": "left",
      "Color": "rgb(230,190,138)"
    }
  },
  "GoogleFonts": [
    "News Cycle",
    "News Cycle:bold",
    "Droid Sans"
  ],
  "FileVersion": "2.2"
}
[22-39-29] Config Ingame loaded
[22-39-29] Found Component.json. Reading values
[22-39-29] {
  "DataDragon": {
    "MinimumGoldCost": 2000,
    "Region": "euw",
    "Locale": "en_US",
    "CDN": "https://ddragon.leagueoflegends.com/cdn",
    "Patch": "latest"
  },
  "PickBan": {
    "IsActive": true,
    "UseDelay": false,
    "DelayValue": 300,
    "DefaultBlueColor": "rgb(66, 133, 244)",
    "DefaultRedColor": "rgb(234, 67, 53)"
  },
  "Ingame": {
    "IsActive": true,
    "UseLiveEvents": true,
    "DoLevelUp": true,
    "DoItemCompleted": true,
    "SeriesGameCount": 3,
    "Objectives": {
      "DoBaronKill": true,
      "DoDragonKill": true,
      "DoInhibitors": false,
      "DoObjectiveSpawnPopUp": false,
      "DoObjectiveKillPopUp": false
    },
    "Teams": {
      "DoTeamNames": true,
      "DoTeamIcons": false,
      "DoTeamScores": false
    },
    "UseCustomScoreboard": true
  },
  "Replay": {
    "IsActive": true,
    "UseAutoInitUI": true
  },
  "PostGame": {
    "IsActive": false
  },
  "App": {
    "LogLevel": 2,
    "CheckForUpdates": true,
    "UpdateRepositoryUrl": "https://github.com/floh22/LeagueBroadcast",
    "UpdateRepositoryName": "floh22/LeagueBroadcast",
    "LeagueInstall": [
      "C:\\",
      "D:\\",
      "E:\\",
      "F:\\",
      "C:\\Program Files",
      "C:\\Program Files (x86)"
    ],
    "CheckForOffsets": true,
    "OffsetRepository": "https://raw.githubusercontent.com/floh22/LeagueBroadcast/v2/Offsets/",
    "OffsetPrefix": "Offsets-"
  },
  "FileVersion": "1.3"
}
[22-39-29] Config Component loaded
[22-39-29] Loading config watchers
[22-39-29] Watching PickBan.json for changes
[22-39-29] Watching Component.json for changes
[22-39-29] Watching Ingame.json for changes
[22-39-29] Log Level set to Info
[22-39-29] League Broadcast Version 1.4.65
[22-39-29] [Update] Checking for Updates
[22-39-29] [Update] Latest release version v1.4.65 vs. current version 1.4.65
[22-39-29] [Update] Local version up to date
[22-39-29] Using current Version
[22-39-29] Early Init Complete in 1067.0672ms
[22-39-29] DataDragon Provider Init
[22-39-29] Getting latest versions from dataDragon
[22-39-29] Retrieving latest patch info
[22-39-29] Champion: 11.16.1, Item: 11.16.1, CDN: https://ddragon.leagueoflegends.com/cdn
[22-39-29] Loaded 156 champions
[22-39-29] Loaded 15 summoner spells
[22-39-30] Detected 199 items
[22-39-30] Loaded 94 full items
[22-39-30] Checking Local Cache
[22-39-30] Cache C:\Users\Gamer\Documents\XLNC\LeagueBroadcast-1.4.65 XLNC Edition/Cache/11.16.1 exists already
[22-39-30] DDragon loaded
[22-39-30] Loading PickBan Controller
[22-39-30] Loading Ingame Controller
[22-39-30] Checking League install for LiveEventsAPI
[22-39-30] Found League install location
[22-39-30] LiveEvents API found in Game config
[22-39-30] [WARNING] Could not parse game config. Replay API may not be enabled!
[22-39-30] Verifying LiveEvents list
[22-39-30] Loading Replay Controller
[22-39-30] Loading Farsight
[22-39-30] Farsight loaded. Found 156 Champ names
[22-39-30] Loading Frontend Webserver (HTTP/WS)
[22-39-30] Server file system starting
[22-39-30] WebServer New State - Loading
[22-39-30] WebServer New State - Listening
[22-39-30] WebServer running on http://*:9001/
[22-39-30] Whats that ticking noise?
[22-39-30] Init Complete in 0.600s
[22-39-30] Opening main window
[22-39-30] Connection State Changed
[22-39-30] New Client EK14omzlZESwrMEGVVLvaw connected from http://localhost:9001
[22-39-30] Loading State Controller
[22-39-30] Connecting to League Client
[22-39-30] PickBan Enabled
[22-39-30] Ingame Enabled
[22-39-30] Using direct PickBan
[22-39-30] Starting LeagueBroadcast with tickrate of 2tps
[22-39-30] Checking for running Game
[22-39-30] Target process (League of Legends) detected.
[22-39-30] Init Game State
[22-39-30] Game State reset
[22-39-30] Connection State Changed
[22-39-30] Post Init Complete in 343.3414ms
[22-39-30] Total Startup time: 2.010s
[22-39-30] Connected to League Client in 99 ms
[22-39-30] Local Client Version 11.16.1
[22-39-30] Loading offsets for current patch
[22-39-30] Found Farsight.json. Reading values
[22-39-30] Config Farsight loaded
[22-39-30] Watching Farsight.json for changes
[22-39-30] Using offsets 11.16.1
[22-39-31] Game Loaded
[22-39-31] Game Paused
[22-39-31] LiveEventAPI Connected
[22-39-31] Game Resumed
[22-39-31] Baron spawned
[22-39-31] Init Team data
[22-39-32] Init UI
[22-39-32] [WARNING] Received invalid response from replay API. Is it enabled?
[22-39-37] Client EK14omzlZESwrMEGVVLvaw disconnected
[22-39-37] New Client tJwuIxqitk+zWNNJva4s/Q connected from http://localhost:9001
[22-39-48] Scrolled back in timeline, reverting state
[22-39-48] 1326.76220703125
[22-39-48] Rolling back Players
[22-39-48] Rolling back Objectives
[22-39-52] Scrolled back in timeline, reverting state
[22-39-52] 1328.324462890625
[22-39-52] Rolling back Players
[22-39-52] Rolling back Objectives
[22-39-54] Scrolled back in timeline, reverting state
[22-39-54] 1320.5008544921875
[22-39-54] Rolling back Players
[22-39-54] Rolling back Objectives
[22-39-54] [WARNING] Camille not found in memory snapshot. Values will be incorrect!
[22-39-54] [WARNING] Sequence contains no matching element
[22-39-54] [WARNING] Nidalee not found in memory snapshot. Values will be incorrect!
[22-39-54] [WARNING] Sivir not found in memory snapshot. Values will be incorrect!
[22-39-54] [WARNING] Qiyana not found in memory snapshot. Values will be incorrect!
[22-39-54] [WARNING] Rakan not found in memory snapshot. Values will be incorrect!
[22-39-54] [WARNING] Volibear not found in memory snapshot. Values will be incorrect!
[22-39-54] [WARNING] Shyvana not found in memory snapshot. Values will be incorrect!
[22-39-54] [WARNING] Ryze not found in memory snapshot. Values will be incorrect!
[22-39-54] [WARNING] Caitlyn not found in memory snapshot. Values will be incorrect!
[22-39-54] [WARNING] Morgana not found in memory snapshot. Values will be incorrect!
[22-39-56] Scrolled back in timeline, reverting state
[22-39-56] 1326.41845703125
[22-39-56] Rolling back Players
[22-39-56] Rolling back Objectives
[22-40-03] Scrolled back in timeline, reverting state
[22-40-03] 1320.6510009765625
[22-40-03] Rolling back Players
[22-40-03] Rolling back Objectives
[22-40-06] Scrolled back in timeline, reverting state
[22-40-06] 1326.637451171875
[22-40-06] Rolling back Players
[22-40-06] Rolling back Objectives
[22-40-07] Player 3 finished Item 6694
[22-40-09] Scrolled back in timeline, reverting state
[22-40-09] 1320.65283203125
[22-40-09] Rolling back Players
[22-40-09] Rolling back Objectives
[22-40-10] Player 3 finished Item 6694
[22-40-12] Scrolled back in timeline, reverting state
[22-40-12] 1320.638427734375
[22-40-12] Rolling back Players
[22-40-12] Rolling back Objectives
[22-40-13] Player 3 finished Item 6694
[22-40-27] Fire spawned
[22-40-27] Player 4 lvl up
[22-40-28] Player 0 finished Item 3074
[22-40-29] Fire killed by ORDER
[22-40-39] Game Paused
[22-40-40] Game Resumed
[22-40-40] Scrolled back in timeline, reverting state
[22-40-40] 1440.7093505859375
[22-40-40] Rolling back Players
[22-40-40] Rolling back Objectives
[22-40-40] Fire spawned
[22-40-41] Player 0 finished Item 3074
[22-40-41] Game Paused
[22-40-55] Game Resumed
[22-40-56] Game Paused
[22-41-04] Ingame.json change detected
[22-41-05] Found Ingame.json. Reading values
[22-41-05] Config Ingame loaded
[22-41-08] Client tJwuIxqitk+zWNNJva4s/Q disconnected
[22-41-08] New Client oNFC+qfSJECzfWJv/v2SCg connected from http://localhost:9001
[22-41-10] Game Resumed
[22-41-12] Fire killed by ORDER
[22-41-17] Game Paused
[22-41-24] Ingame.json change detected
[22-41-25] Found Ingame.json. Reading values
[22-41-25] Config Ingame loaded
[22-41-27] Client oNFC+qfSJECzfWJv/v2SCg disconnected
[22-41-27] New Client yS9F0CzhuEOurZ7LfbYVRA connected from http://localhost:9001
[22-41-31] Game Resumed
[22-41-31] Scrolled back in timeline, reverting state
[22-41-31] 1440.7041015625
[22-41-31] Rolling back Players
[22-41-31] Rolling back Objectives
[22-41-31] Fire spawned
[22-41-32] Player 0 finished Item 3074
[22-41-32] Game Paused
[22-41-33] Game Resumed
[22-41-38] Fire killed by ORDER
[22-41-42] Game Paused
[22-41-51] Ingame.json change detected
[22-41-51] Found Ingame.json. Reading values
[22-41-51] Config Ingame loaded
[22-41-53] New Client RrlAOhlWiUiKmuau8In5JQ connected from http://localhost:9001
[22-41-53] Client yS9F0CzhuEOurZ7LfbYVRA disconnected
[22-41-53] Client yS9F0CzhuEOurZ7LfbYVRA disconnected
[22-42-05] Game Resumed
[22-42-07] Scrolled back in timeline, reverting state
[22-42-07] 1443.083251953125
[22-42-07] Rolling back Players
[22-42-07] Rolling back Objectives
[22-42-07] Fire spawned
[22-42-08] Player 0 finished Item 3074
[22-42-12] Fire killed by ORDER
[22-42-22] Player 5 finished Item 4401
[22-42-24] Player 1 finished Item 3165
[22-42-24] Player 2 finished Item 3042
[22-42-24] Player 7 finished Item 3040
[22-42-27] Baron killed by CHAOS
[22-42-27] Player 5 lvl up
[22-42-27] Player 9 lvl up
[22-42-33] Player 7 lvl up
[22-42-40] Player 2 finished Item 6694
[22-42-50] Player 9 finished Item 3157
[22-43-02] Scrolled back in timeline, reverting state
[22-43-02] 1440.705322265625
[22-43-02] Rolling back Players
[22-43-02] Rolling back Objectives
[22-43-02] Baron ended. Resetting baron status for all players
[22-43-02] Fire spawned
[22-43-02] Player 2 finished Item 3004
[22-43-02] Player 0 finished Item 3074
[22-43-05] Fire killed by ORDER
[22-43-16] Player 5 finished Item 4401
[22-43-22] Saving all configs to file
[22-43-22] Writing PickBan config to file
[22-43-22] Updated PickBan config file
[22-43-22] Writing Component config to file
[22-43-22] Updated Component config file
[22-43-22] Writing Farsight config to file
[22-43-22] Updated Farsight config file
[22-43-22] Writing Ingame config to file
[22-43-22] Updated Ingame config file
[22-43-22] Configs saved
